The system is: Linux - 3.10.0-1160.102.1.el7.x86_64 - x86_64
Compiling the C compiler identification source file "CMakeCCompilerId.c" succeeded.
Compiler: /scinet/intel/2019u4/compilers_and_libraries_2019.4.243/linux/bin/intel64/icc 
Build flags: 
Id flags:  

The output was:
0


Compilation of the C compiler identification source "CMakeCCompilerId.c" produced "a.out"

The C compiler identification is Intel, found in "/gpfs/fs0/scratch/k/kazem/gnpower/Code/build/CMakeFiles/3.21.4/CompilerIdC/a.out"

Compiling the CXX compiler identification source file "CMakeCXXCompilerId.cpp" succeeded.
Compiler: /scinet/intel/2019u4/compilers_and_libraries_2019.4.243/linux/bin/intel64/icpc 
Build flags: 
Id flags:  

The output was:
0


Compilation of the CXX compiler identification source "CMakeCXXCompilerId.cpp" produced "a.out"

The CXX compiler identification is Intel, found in "/gpfs/fs0/scratch/k/kazem/gnpower/Code/build/CMakeFiles/3.21.4/CompilerIdCXX/a.out"

Detecting C compiler ABI info compiled with the following output:
Change Dir: /gpfs/fs0/scratch/k/kazem/gnpower/Code/build/CMakeFiles/CMakeTmp

Run Build Command(s):/bin/gmake -f Makefile cmTC_49410/fast && /bin/gmake  -f CMakeFiles/cmTC_49410.dir/build.make CMakeFiles/cmTC_49410.dir/build
gmake[1]: Entering directory `/gpfs/fs0/scratch/k/kazem/gnpower/Code/build/CMakeFiles/CMakeTmp'
Building C object CMakeFiles/cmTC_49410.dir/CMakeCCompilerABI.c.o
/scinet/intel/2019u4/compilers_and_libraries_2019.4.243/linux/bin/intel64/icc   -v -MD -MT CMakeFiles/cmTC_49410.dir/CMakeCCompilerABI.c.o -MF CMakeFiles/cmTC_49410.dir/CMakeCCompilerABI.c.o.d -o CMakeFiles/cmTC_49410.dir/CMakeCCompilerABI.c.o -c /gpfs/fs1/scinet/niagara/software/2019b/opt/base/cmake/3.21.4/share/cmake-3.21/Modules/CMakeCCompilerABI.c
__INTEL_PRE_CFLAGS options:  -gcc-name=core-gcc -gxx-name=core-g++
icc version 19.0.4.243 (gcc version 7.4.0 compatibility)
/gpfs/fs1/scinet/intel/2019u4/compilers_and_libraries_2019.4.243/linux/bin/intel64/mcpcom    --target_efi2 --lang=c -oCMakeFiles/cmTC_49410.dir/CMakeCCompilerABI.c.o -_g -mP3OPT_inline_alloca -D__ICC=1900 -D__INTEL_COMPILER=1900 -D__INTEL_COMPILER_UPDATE=4 -D__PTRDIFF_TYPE__=long "-D__SIZE_TYPE__=unsigned long" -D__WCHAR_TYPE__=int "-D__WINT_TYPE__=unsigned int" "-D__INTMAX_TYPE__=long int" "-D__UINTMAX_TYPE__=long unsigned int" -D__LONG_MAX__=9223372036854775807L -D__QMSPP_ -D__OPTIMIZE__ -D__NO_MATH_INLINES -D__NO_STRING_INLINES -D__GNUC_GNU_INLINE__ -D__GNUC__=7 -D__GNUC_MINOR__=4 -D__GNUC_PATCHLEVEL__=0 -D__LP64__ -D_LP64 -D__GXX_ABI_VERSION=1010 "-D__USER_LABEL_PREFIX__= " -D__REGISTER_PREFIX__= -D__INTEL_RTTI__ -D__unix__ -D__unix -D__linux__ -D__linux -D__gnu_linux__ -B -Dunix -Dlinux "-_Asystem(unix)" -D__ELF__ -D__x86_64 -D__x86_64__ -D__amd64 -D__amd64__ "-_Acpu(x86_64)" "-_Amachine(x86_64)" -D__INTEL_COMPILER_BUILD_DATE=20190416 -D__INTEL_OFFLOAD -D__i686 -D__i686__ -D__pentiumpro -D__pentiumpro__ -D__tune_i686__ -D__tune_pentiumpro__ -D__pentium4 -D__pentium4__ -D__tune_pentium4__ -D__SSE2__ -D__SSE2_MATH__ -D__SSE__ -D__SSE_MATH__ -D__MMX__ -_k -_8 -_l --has_new_stdarg_support -_a -_b --gnu_version=70400 -_W5 --gcc-extern-inline --openmp_simd --dependency_file_name CMakeFiles/cmTC_49410.dir/CMakeCCompilerABI.c.o.d --compile_dependencies --dependency_target_name CMakeFiles/cmTC_49410.dir/CMakeCCompilerABI.c.o --multibyte_chars -mGLOB_diag_suppress_sys --system_preinclude /usr/include/stdc-predef.h -I/scinet/intel/2019u4/compilers_and_libraries_2019.4.243/linux/pstl/include -I/scinet/intel/2019u4/compilers_and_libraries_2019.4.243/linux/ipp/include -I/scinet/intel/2019u4/compilers_and_libraries_2019.4.243/linux/mkl/include -I/scinet/intel/2019u4/compilers_and_libraries_2019.4.243/linux/pstl/include -I/scinet/intel/2019u4/compilers_and_libraries_2019.4.243/linux/tbb/include -I/scinet/intel/2019u4/compilers_and_libraries_2019.4.243/linux/daal/include --array_section --simd --simd_func --offload_mode=1 --offload_target_names=mic,MIC --offload_unique_string=icc0095403858BJ7iXd -mGLOB_em64t=TRUE -mP1OPT_version=19.0-intel64 -mGLOB_diag_file=CMakeFiles/cmTC_49410.dir/CMakeCCompilerABI.c.diag -mGLOB_long_size_64 -mGLOB_routine_pointer_size_64 -mP1OPT_print_version=FALSE -mCG_use_gas_got_workaround=F -mP2OPT_align_option_used=TRUE -mGLOB_gcc_version=740 "-mGLOB_options_string=-gcc-name=core-gcc -gxx-name=core-g++ -v -MD -MT CMakeFiles/cmTC_49410.dir/CMakeCCompilerABI.c.o -MF CMakeFiles/cmTC_49410.dir/CMakeCCompilerABI.c.o.d -o CMakeFiles/cmTC_49410.dir/CMakeCCompilerABI.c.o -c" -mGLOB_cxx_limited_range=FALSE -mCG_extend_parms=FALSE -mGLOB_compiler_bin_directory=/gpfs/fs1/scinet/intel/2019u4/compilers_and_libraries_2019.4.243/linux/bin/intel64 -mGLOB_as_output_backup_file_name=/tmp/iccmFKLfPas_.s -mIPOPT_activate -mIPOPT_lite -mGLOB_uarch_tuning=0x0 -mGLOB_product_id_code=0x22006d93 -mCG_bnl_movbe=T -mGLOB_extended_instructions=0x8 -mP3OPT_use_mspp_call_convention -mP2OPT_subs_out_of_bound=FALSE -mP2OPT_disam_type_based_disam=2 -mP2OPT_disam_assume_ansi_c -mP2OPT_checked_disam_ansi_alias=TRUE -mGLOB_ansi_alias -mPGOPTI_value_profile_use=T -mP2OPT_il0_array_sections=TRUE -mGLOB_offload_mode=1 -mP2OPT_offload_unique_var_string=icc0095403858BJ7iXd -mP2OPT_hlo_level=2 -mP2OPT_hlo -mP2OPT_hpo_rtt_control=0 -mIPOPT_args_in_regs=0 -mP2OPT_disam_assume_nonstd_intent_in=FALSE -mGLOB_imf_mapping_library=/gpfs/fs1/scinet/intel/2019u4/compilers_and_libraries_2019.4.243/linux/bin/intel64/libiml_attr.so -mPGOPTI_gen_threadsafe_level=0 -mIPOPT_lto_object_enabled -mIPOPT_lto_object_value=1 -mIPOPT_obj_output_file_name=CMakeFiles/cmTC_49410.dir/CMakeCCompilerABI.c.o -mIPOPT_whole_archive_fixup_file_name=/tmp/iccwarchYZOuNy -mGLOB_linker_version=2.27 -mGLOB_linker=ld -mGLOB_driver_tempfile_name=/tmp/icctempfile96atzq -mP3OPT_asm_target=P3OPT_ASM_TARGET_GAS -mGLOB_async_unwind_tables=TRUE -mGLOB_obj_output_file=CMakeFiles/cmTC_49410.dir/CMakeCCompilerABI.c.o -mGLOB_source_dialect=GLOB_SOURCE_DIALECT_C -mP1OPT_source_file_name=/gpfs/fs1/scinet/niagara/software/2019b/opt/base/cmake/3.21.4/share/cmake-3.21/Modules/CMakeCCompilerABI.c -mP1OPT_full_source_file_name=/gpfs/fs1/scinet/niagara/software/2019b/opt/base/cmake/3.21.4/share/cmake-3.21/Modules/CMakeCCompilerABI.c /gpfs/fs1/scinet/niagara/software/2019b/opt/base/cmake/3.21.4/share/cmake-3.21/Modules/CMakeCCompilerABI.c
#include "..." search starts here:
#include <...> search starts here:
 /scinet/intel/2019u4/compilers_and_libraries_2019.4.243/linux/pstl/include
 /scinet/intel/2019u4/compilers_and_libraries_2019.4.243/linux/ipp/include
 /scinet/intel/2019u4/compilers_and_libraries_2019.4.243/linux/mkl/include
 /scinet/intel/2019u4/compilers_and_libraries_2019.4.243/linux/pstl/include
 /scinet/intel/2019u4/compilers_and_libraries_2019.4.243/linux/tbb/include
 /scinet/intel/2019u4/compilers_and_libraries_2019.4.243/linux/daal/include
 /gpfs/fs1/scinet/intel/2019u4/compilers_and_libraries_2019.4.243/linux/compiler/include/intel64
 /gpfs/fs1/scinet/intel/2019u4/compilers_and_libraries_2019.4.243/linux/compiler/include/icc
 /gpfs/fs1/scinet/intel/2019u4/compilers_and_libraries_2019.4.243/linux/compiler/include
 /usr/local/include
 /gpfs/fs1/scinet/niagara/software/2019b/core/bin/../lib/gcc/x86_64-pc-linux-gnu/7.4.0/include
 /gpfs/fs1/scinet/niagara/software/2019b/core/bin/../lib/gcc/x86_64-pc-linux-gnu/7.4.0/include-fixed
 /gpfs/fs1/scinet/niagara/software/2019b/core/bin/../include/
 /usr/include
End of search list.
Linking C executable cmTC_49410
/gpfs/fs1/scinet/niagara/software/2019b/opt/base/cmake/3.21.4/bin/cmake -E cmake_link_script CMakeFiles/cmTC_49410.dir/link.txt --verbose=1
/scinet/intel/2019u4/compilers_and_libraries_2019.4.243/linux/bin/intel64/icc  -v CMakeFiles/cmTC_49410.dir/CMakeCCompilerABI.c.o -o cmTC_49410 
__INTEL_PRE_CFLAGS options:  -gcc-name=core-gcc -gxx-name=core-g++
icc version 19.0.4.243 (gcc version 7.4.0 compatibility)
/gpfs/fs1/scinet/intel/2019u4/compilers_and_libraries_2019.4.243/linux/bin/intel64/mcpcom    -mGLOB_em64t=TRUE -mP1OPT_version=19.0-intel64 -mGLOB_diag_file=CMakeFiles/cmTC_49410.dir/CMakeCCompilerABI.c.diag -mGLOB_long_size_64 -mGLOB_routine_pointer_size_64 -mP1OPT_print_version=FALSE -mCG_use_gas_got_workaround=F -mP2OPT_align_option_used=TRUE -mGLOB_gcc_version=740 "-mGLOB_options_string=-gcc-name=core-gcc -gxx-name=core-g++ -v -o cmTC_49410" -mGLOB_cxx_limited_range=FALSE -mCG_extend_parms=FALSE -mGLOB_compiler_bin_directory=/gpfs/fs1/scinet/intel/2019u4/compilers_and_libraries_2019.4.243/linux/bin/intel64 -mGLOB_as_output_backup_file_name=/tmp/icckkKPxaas_.s -mGLOB_dashboard_use_source_name -mIPOPT_activate -mGLOB_product_id_code=0x22006d93 -mP3OPT_use_mspp_call_convention -mP2OPT_subs_out_of_bound=FALSE -mP2OPT_disam_type_based_disam=2 -mP2OPT_disam_assume_ansi_c -mP2OPT_checked_disam_ansi_alias=TRUE -mGLOB_ansi_alias -mPGOPTI_value_profile_use=T -mGLOB_opt_report_use_source_name -mP2OPT_il0_array_sections=TRUE -mGLOB_offload_mode=1 -mP2OPT_offload_unique_var_string=icc0482156775r2aPDm -mP2OPT_hlo -mP2OPT_hpo_rtt_control=0 -mIPOPT_args_in_regs=0 -mP2OPT_disam_assume_nonstd_intent_in=FALSE -mGLOB_imf_mapping_library=/gpfs/fs1/scinet/intel/2019u4/compilers_and_libraries_2019.4.243/linux/bin/intel64/libiml_attr.so -mPGOPTI_gen_threadsafe_level=0 -mIPOPT_link -mIPOPT_ipo_activate -mIPOPT_mo_activate -mIPOPT_source_files_list=/tmp/iccslisox9cyq -mIPOPT_mo_global_data -mIPOPT_link_script_file=/tmp/iccscriptvyn1xi "-mIPOPT_cmdline_link="/lib/../lib64/crt1.o" "/lib/../lib64/crti.o" "/gpfs/fs1/scinet/niagara/software/2019b/core/bin/../lib/gcc/x86_64-pc-linux-gnu/7.4.0/crtbegin.o" "--eh-frame-hdr" "--build-id" "-dynamic-linker" "/lib64/ld-linux-x86-64.so.2" "-m" "elf_x86_64" "-o" "cmTC_49410" "-L/scinet/intel/2019u4/compilers_and_libraries_2019.4.243/linux/ipp/lib/intel64" "-L/scinet/intel/2019u4/compilers_and_libraries_2019.4.243/linux/compiler/lib/intel64_lin" "-L/scinet/intel/2019u4/compilers_and_libraries_2019.4.243/linux/mkl/lib/intel64_lin" "-L/scinet/intel/2019u4/compilers_and_libraries_2019.4.243/linux/tbb/lib/intel64/gcc4.1" "-L/scinet/intel/2019u4/compilers_and_libraries_2019.4.243/linux/daal/lib/intel64_lin" "-L/scinet/intel/2019u4/compilers_and_libraries_2019.4.243/linux/tbb/lib/intel64_lin/gcc4.4" "-L/gpfs/fs1/scinet/intel/2019u4/compilers_and_libraries_2019.4.243/linux/compiler/lib/intel64_lin" "-L/gpfs/fs1/scinet/niagara/software/2019b/core/bin/../lib/gcc/x86_64-pc-linux-gnu/7.4.0/" "-L/gpfs/fs1/scinet/niagara/software/2019b/core/bin/../lib/gcc/" "-L/gpfs/fs1/scinet/niagara/software/2019b/core/bin/../lib/gcc/x86_64-pc-linux-gnu/7.4.0/../../../../lib64" "-L/gpfs/fs1/scinet/niagara/software/2019b/core/bin/../lib/gcc/x86_64-pc-linux-gnu/7.4.0/../../../../lib64/" "-L/lib/../lib64" "-L/lib/../lib64/" "-L/usr/lib/../lib64" "-L/usr/lib/../lib64/" "-L/scinet/intel/2019u4/compilers_and_libraries_2019.4.243/linux/ipp/lib/intel64/" "-L/scinet/intel/2019u4/compilers_and_libraries_2019.4.243/linux/compiler/lib/intel64_lin/" "-L/scinet/intel/2019u4/compilers_and_libraries_2019.4.243/linux/mkl/lib/intel64_lin/" "-L/scinet/intel/2019u4/compilers_and_libraries_2019.4.243/linux/tbb/lib/intel64/gcc4.1/" "-L/scinet/intel/2019u4/compilers_and_libraries_2019.4.243/linux/daal/lib/intel64_lin/" "-L/scinet/intel/2019u4/compilers_and_libraries_2019.4.243/linux/tbb/lib/intel64_lin/gcc4.4/" "-L/gpfs/fs1/scinet/niagara/software/2019b/core/bin/../lib/gcc/x86_64-pc-linux-gnu/7.4.0/../../../" "-L/lib64" "-L/lib/" "-L/usr/lib64" "-L/usr/lib" "CMakeFiles/cmTC_49410.dir/CMakeCCompilerABI.c.o" "-Bdynamic" "-Bstatic" "-limf" "-lsvml" "-lirng" "-Bdynamic" "-lm" "-Bstatic" "-lipgo" "-ldecimal" "--as-needed" "-Bdynamic" "-lcilkrts" "-lstdc++" "--no-as-needed" "-lgcc" "-lgcc_s" "-Bstatic" "-lirc" "-lsvml" "-Bdynamic" "-lc" "-lgcc" "-lgcc_s" "-Bstatic" "-lirc_s" "-Bdynamic" "-ldl" "-lc" "/gpfs/fs1/scinet/niagara/software/2019b/core/bin/../lib/gcc/x86_64-pc-linux-gnu/7.4.0/crtend.o" "/lib/../lib64/crtn.o"" -mIPOPT_il_in_obj -mIPOPT_ipo_activate_warn=FALSE -mIPOPT_obj_output_file_name=/tmp/ipo_iccq8Omzc.o -mIPOPT_whole_archive_fixup_file_name=/tmp/iccwarchqe5WxU -mGLOB_linker_version=2.27 -mGLOB_linker=ld -mGLOB_driver_tempfile_name=/tmp/icctempfile5KHdyM -mP3OPT_asm_target=P3OPT_ASM_TARGET_GAS -mGLOB_async_unwind_tables=TRUE -mGLOB_obj_output_file=/tmp/ipo_iccq8Omzc.o -mGLOB_source_dialect=GLOB_SOURCE_DIALECT_NONE -mP1OPT_source_file_name=ipo_out.c CMakeFiles/cmTC_49410.dir/CMakeCCompilerABI.c.o -mIPOPT_object_files=T -mIPOPT_assembly_files=/tmp/iccalisY5KYyW -mIPOPT_generated_tempfiles=/tmp/iccelisZSMMyO -mIPOPT_embedded_object_base_name=/tmp/icceobj8sRAyG -mIPOPT_cmdline_link_new_name=/tmp/iccllisPJYoyy
ld    /lib/../lib64/crt1.o /lib/../lib64/crti.o /gpfs/fs1/scinet/niagara/software/2019b/core/bin/../lib/gcc/x86_64-pc-linux-gnu/7.4.0/crtbegin.o --eh-frame-hdr --build-id -dynamic-linker /lib64/ld-linux-x86-64.so.2 -m elf_x86_64 -o cmTC_49410 -L/scinet/intel/2019u4/compilers_and_libraries_2019.4.243/linux/ipp/lib/intel64 -L/scinet/intel/2019u4/compilers_and_libraries_2019.4.243/linux/compiler/lib/intel64_lin -L/scinet/intel/2019u4/compilers_and_libraries_2019.4.243/linux/mkl/lib/intel64_lin -L/scinet/intel/2019u4/compilers_and_libraries_2019.4.243/linux/tbb/lib/intel64/gcc4.1 -L/scinet/intel/2019u4/compilers_and_libraries_2019.4.243/linux/daal/lib/intel64_lin -L/scinet/intel/2019u4/compilers_and_libraries_2019.4.243/linux/tbb/lib/intel64_lin/gcc4.4 -L/gpfs/fs1/scinet/intel/2019u4/compilers_and_libraries_2019.4.243/linux/compiler/lib/intel64_lin -L/gpfs/fs1/scinet/niagara/software/2019b/core/bin/../lib/gcc/x86_64-pc-linux-gnu/7.4.0/ -L/gpfs/fs1/scinet/niagara/software/2019b/core/bin/../lib/gcc/ -L/gpfs/fs1/scinet/niagara/software/2019b/core/bin/../lib/gcc/x86_64-pc-linux-gnu/7.4.0/../../../../lib64 -L/gpfs/fs1/scinet/niagara/software/2019b/core/bin/../lib/gcc/x86_64-pc-linux-gnu/7.4.0/../../../../lib64/ -L/lib/../lib64 -L/lib/../lib64/ -L/usr/lib/../lib64 -L/usr/lib/../lib64/ -L/scinet/intel/2019u4/compilers_and_libraries_2019.4.243/linux/ipp/lib/intel64/ -L/scinet/intel/2019u4/compilers_and_libraries_2019.4.243/linux/compiler/lib/intel64_lin/ -L/scinet/intel/2019u4/compilers_and_libraries_2019.4.243/linux/mkl/lib/intel64_lin/ -L/scinet/intel/2019u4/compilers_and_libraries_2019.4.243/linux/tbb/lib/intel64/gcc4.1/ -L/scinet/intel/2019u4/compilers_and_libraries_2019.4.243/linux/daal/lib/intel64_lin/ -L/scinet/intel/2019u4/compilers_and_libraries_2019.4.243/linux/tbb/lib/intel64_lin/gcc4.4/ -L/gpfs/fs1/scinet/niagara/software/2019b/core/bin/../lib/gcc/x86_64-pc-linux-gnu/7.4.0/../../../ -L/lib64 -L/lib/ -L/usr/lib64 -L/usr/lib CMakeFiles/cmTC_49410.dir/CMakeCCompilerABI.c.o -Bdynamic -Bstatic -limf -lsvml -lirng -Bdynamic -lm -Bstatic -lipgo -ldecimal --as-needed -Bdynamic -lcilkrts -lstdc++ --no-as-needed -lgcc -lgcc_s -Bstatic -lirc -lsvml -Bdynamic -lc -lgcc -lgcc_s -Bstatic -lirc_s -Bdynamic -ldl -lc /gpfs/fs1/scinet/niagara/software/2019b/core/bin/../lib/gcc/x86_64-pc-linux-gnu/7.4.0/crtend.o /lib/../lib64/crtn.o
gmake[1]: Leaving directory `/gpfs/fs0/scratch/k/kazem/gnpower/Code/build/CMakeFiles/CMakeTmp'



Parsed C implicit include dir info from above output: rv=done
  found start of include info
  found start of implicit include info
    add: [/scinet/intel/2019u4/compilers_and_libraries_2019.4.243/linux/pstl/include]
    add: [/scinet/intel/2019u4/compilers_and_libraries_2019.4.243/linux/ipp/include]
    add: [/scinet/intel/2019u4/compilers_and_libraries_2019.4.243/linux/mkl/include]
    add: [/scinet/intel/2019u4/compilers_and_libraries_2019.4.243/linux/pstl/include]
    add: [/scinet/intel/2019u4/compilers_and_libraries_2019.4.243/linux/tbb/include]
    add: [/scinet/intel/2019u4/compilers_and_libraries_2019.4.243/linux/daal/include]
    add: [/gpfs/fs1/scinet/intel/2019u4/compilers_and_libraries_2019.4.243/linux/compiler/include/intel64]
    add: [/gpfs/fs1/scinet/intel/2019u4/compilers_and_libraries_2019.4.243/linux/compiler/include/icc]
    add: [/gpfs/fs1/scinet/intel/2019u4/compilers_and_libraries_2019.4.243/linux/compiler/include]
    add: [/usr/local/include]
    add: [/gpfs/fs1/scinet/niagara/software/2019b/core/bin/../lib/gcc/x86_64-pc-linux-gnu/7.4.0/include]
    add: [/gpfs/fs1/scinet/niagara/software/2019b/core/bin/../lib/gcc/x86_64-pc-linux-gnu/7.4.0/include-fixed]
    add: [/gpfs/fs1/scinet/niagara/software/2019b/core/bin/../include/]
    add: [/usr/include]
  end of search list found
  collapse include dir [/scinet/intel/2019u4/compilers_and_libraries_2019.4.243/linux/pstl/include] ==> [/scinet/intel/2019u4/compilers_and_libraries_2019.4.243/linux/pstl/include]
  collapse include dir [/scinet/intel/2019u4/compilers_and_libraries_2019.4.243/linux/ipp/include] ==> [/scinet/intel/2019u4/compilers_and_libraries_2019.4.243/linux/ipp/include]
  collapse include dir [/scinet/intel/2019u4/compilers_and_libraries_2019.4.243/linux/mkl/include] ==> [/scinet/intel/2019u4/compilers_and_libraries_2019.4.243/linux/mkl/include]
  collapse include dir [/scinet/intel/2019u4/compilers_and_libraries_2019.4.243/linux/pstl/include] ==> [/scinet/intel/2019u4/compilers_and_libraries_2019.4.243/linux/pstl/include]
  collapse include dir [/scinet/intel/2019u4/compilers_and_libraries_2019.4.243/linux/tbb/include] ==> [/scinet/intel/2019u4/compilers_and_libraries_2019.4.243/linux/tbb/include]
  collapse include dir [/scinet/intel/2019u4/compilers_and_libraries_2019.4.243/linux/daal/include] ==> [/scinet/intel/2019u4/compilers_and_libraries_2019.4.243/linux/daal/include]
  collapse include dir [/gpfs/fs1/scinet/intel/2019u4/compilers_and_libraries_2019.4.243/linux/compiler/include/intel64] ==> [/gpfs/fs1/scinet/intel/2019u4/compilers_and_libraries_2019.4.243/linux/compiler/include/intel64]
  collapse include dir [/gpfs/fs1/scinet/intel/2019u4/compilers_and_libraries_2019.4.243/linux/compiler/include/icc] ==> [/gpfs/fs1/scinet/intel/2019u4/compilers_and_libraries_2019.4.243/linux/compiler/include/icc]
  collapse include dir [/gpfs/fs1/scinet/intel/2019u4/compilers_and_libraries_2019.4.243/linux/compiler/include] ==> [/gpfs/fs1/scinet/intel/2019u4/compilers_and_libraries_2019.4.243/linux/compiler/include]
  collapse include dir [/usr/local/include] ==> [/usr/local/include]
  collapse include dir [/gpfs/fs1/scinet/niagara/software/2019b/core/bin/../lib/gcc/x86_64-pc-linux-gnu/7.4.0/include] ==> [/gpfs/fs1/scinet/niagara/software/2019b/core/lib/gcc/x86_64-pc-linux-gnu/7.4.0/include]
  collapse include dir [/gpfs/fs1/scinet/niagara/software/2019b/core/bin/../lib/gcc/x86_64-pc-linux-gnu/7.4.0/include-fixed] ==> [/gpfs/fs1/scinet/niagara/software/2019b/core/lib/gcc/x86_64-pc-linux-gnu/7.4.0/include-fixed]
  collapse include dir [/gpfs/fs1/scinet/niagara/software/2019b/core/bin/../include/] ==> [/gpfs/fs1/scinet/niagara/software/2019b/core/include]
  collapse include dir [/usr/include] ==> [/usr/include]
  implicit include dirs: [/scinet/intel/2019u4/compilers_and_libraries_2019.4.243/linux/pstl/include;/scinet/intel/2019u4/compilers_and_libraries_2019.4.243/linux/ipp/include;/scinet/intel/2019u4/compilers_and_libraries_2019.4.243/linux/mkl/include;/scinet/intel/2019u4/compilers_and_libraries_2019.4.243/linux/tbb/include;/scinet/intel/2019u4/compilers_and_libraries_2019.4.243/linux/daal/include;/gpfs/fs1/scinet/intel/2019u4/compilers_and_libraries_2019.4.243/linux/compiler/include/intel64;/gpfs/fs1/scinet/intel/2019u4/compilers_and_libraries_2019.4.243/linux/compiler/include/icc;/gpfs/fs1/scinet/intel/2019u4/compilers_and_libraries_2019.4.243/linux/compiler/include;/usr/local/include;/gpfs/fs1/scinet/niagara/software/2019b/core/lib/gcc/x86_64-pc-linux-gnu/7.4.0/include;/gpfs/fs1/scinet/niagara/software/2019b/core/lib/gcc/x86_64-pc-linux-gnu/7.4.0/include-fixed;/gpfs/fs1/scinet/niagara/software/2019b/core/include;/usr/include]


Parsed C implicit link information from above output:
  link line regex: [^( *|.*[/\])(ld|CMAKE_LINK_STARTFILE-NOTFOUND|([^/\]+-)?ld|collect2)[^/\]*( |$)]
  ignore line: [Change Dir: /gpfs/fs0/scratch/k/kazem/gnpower/Code/build/CMakeFiles/CMakeTmp]
  ignore line: []
  ignore line: [Run Build Command(s):/bin/gmake -f Makefile cmTC_49410/fast && /bin/gmake  -f CMakeFiles/cmTC_49410.dir/build.make CMakeFiles/cmTC_49410.dir/build]
  ignore line: [gmake[1]: Entering directory `/gpfs/fs0/scratch/k/kazem/gnpower/Code/build/CMakeFiles/CMakeTmp']
  ignore line: [Building C object CMakeFiles/cmTC_49410.dir/CMakeCCompilerABI.c.o]
  ignore line: [/scinet/intel/2019u4/compilers_and_libraries_2019.4.243/linux/bin/intel64/icc   -v -MD -MT CMakeFiles/cmTC_49410.dir/CMakeCCompilerABI.c.o -MF CMakeFiles/cmTC_49410.dir/CMakeCCompilerABI.c.o.d -o CMakeFiles/cmTC_49410.dir/CMakeCCompilerABI.c.o -c /gpfs/fs1/scinet/niagara/software/2019b/opt/base/cmake/3.21.4/share/cmake-3.21/Modules/CMakeCCompilerABI.c]
  ignore line: [__INTEL_PRE_CFLAGS options:  -gcc-name=core-gcc -gxx-name=core-g++]
  ignore line: [icc version 19.0.4.243 (gcc version 7.4.0 compatibility)]
  ignore line: [/gpfs/fs1/scinet/intel/2019u4/compilers_and_libraries_2019.4.243/linux/bin/intel64/mcpcom    --target_efi2 --lang=c -oCMakeFiles/cmTC_49410.dir/CMakeCCompilerABI.c.o -_g -mP3OPT_inline_alloca -D__ICC=1900 -D__INTEL_COMPILER=1900 -D__INTEL_COMPILER_UPDATE=4 -D__PTRDIFF_TYPE__=long "-D__SIZE_TYPE__=unsigned long" -D__WCHAR_TYPE__=int "-D__WINT_TYPE__=unsigned int" "-D__INTMAX_TYPE__=long int" "-D__UINTMAX_TYPE__=long unsigned int" -D__LONG_MAX__=9223372036854775807L -D__QMSPP_ -D__OPTIMIZE__ -D__NO_MATH_INLINES -D__NO_STRING_INLINES -D__GNUC_GNU_INLINE__ -D__GNUC__=7 -D__GNUC_MINOR__=4 -D__GNUC_PATCHLEVEL__=0 -D__LP64__ -D_LP64 -D__GXX_ABI_VERSION=1010 "-D__USER_LABEL_PREFIX__= " -D__REGISTER_PREFIX__= -D__INTEL_RTTI__ -D__unix__ -D__unix -D__linux__ -D__linux -D__gnu_linux__ -B -Dunix -Dlinux "-_Asystem(unix)" -D__ELF__ -D__x86_64 -D__x86_64__ -D__amd64 -D__amd64__ "-_Acpu(x86_64)" "-_Amachine(x86_64)" -D__INTEL_COMPILER_BUILD_DATE=20190416 -D__INTEL_OFFLOAD -D__i686 -D__i686__ -D__pentiumpro -D__pentiumpro__ -D__tune_i686__ -D__tune_pentiumpro__ -D__pentium4 -D__pentium4__ -D__tune_pentium4__ -D__SSE2__ -D__SSE2_MATH__ -D__SSE__ -D__SSE_MATH__ -D__MMX__ -_k -_8 -_l --has_new_stdarg_support -_a -_b --gnu_version=70400 -_W5 --gcc-extern-inline --openmp_simd --dependency_file_name CMakeFiles/cmTC_49410.dir/CMakeCCompilerABI.c.o.d --compile_dependencies --dependency_target_name CMakeFiles/cmTC_49410.dir/CMakeCCompilerABI.c.o --multibyte_chars -mGLOB_diag_suppress_sys --system_preinclude /usr/include/stdc-predef.h -I/scinet/intel/2019u4/compilers_and_libraries_2019.4.243/linux/pstl/include -I/scinet/intel/2019u4/compilers_and_libraries_2019.4.243/linux/ipp/include -I/scinet/intel/2019u4/compilers_and_libraries_2019.4.243/linux/mkl/include -I/scinet/intel/2019u4/compilers_and_libraries_2019.4.243/linux/pstl/include -I/scinet/intel/2019u4/compilers_and_libraries_2019.4.243/linux/tbb/include -I/scinet/intel/2019u4/compilers_and_libraries_2019.4.243/linux/daal/include --array_section --simd --simd_func --offload_mode=1 --offload_target_names=mic MIC --offload_unique_string=icc0095403858BJ7iXd -mGLOB_em64t=TRUE -mP1OPT_version=19.0-intel64 -mGLOB_diag_file=CMakeFiles/cmTC_49410.dir/CMakeCCompilerABI.c.diag -mGLOB_long_size_64 -mGLOB_routine_pointer_size_64 -mP1OPT_print_version=FALSE -mCG_use_gas_got_workaround=F -mP2OPT_align_option_used=TRUE -mGLOB_gcc_version=740 "-mGLOB_options_string=-gcc-name=core-gcc -gxx-name=core-g++ -v -MD -MT CMakeFiles/cmTC_49410.dir/CMakeCCompilerABI.c.o -MF CMakeFiles/cmTC_49410.dir/CMakeCCompilerABI.c.o.d -o CMakeFiles/cmTC_49410.dir/CMakeCCompilerABI.c.o -c" -mGLOB_cxx_limited_range=FALSE -mCG_extend_parms=FALSE -mGLOB_compiler_bin_directory=/gpfs/fs1/scinet/intel/2019u4/compilers_and_libraries_2019.4.243/linux/bin/intel64 -mGLOB_as_output_backup_file_name=/tmp/iccmFKLfPas_.s -mIPOPT_activate -mIPOPT_lite -mGLOB_uarch_tuning=0x0 -mGLOB_product_id_code=0x22006d93 -mCG_bnl_movbe=T -mGLOB_extended_instructions=0x8 -mP3OPT_use_mspp_call_convention -mP2OPT_subs_out_of_bound=FALSE -mP2OPT_disam_type_based_disam=2 -mP2OPT_disam_assume_ansi_c -mP2OPT_checked_disam_ansi_alias=TRUE -mGLOB_ansi_alias -mPGOPTI_value_profile_use=T -mP2OPT_il0_array_sections=TRUE -mGLOB_offload_mode=1 -mP2OPT_offload_unique_var_string=icc0095403858BJ7iXd -mP2OPT_hlo_level=2 -mP2OPT_hlo -mP2OPT_hpo_rtt_control=0 -mIPOPT_args_in_regs=0 -mP2OPT_disam_assume_nonstd_intent_in=FALSE -mGLOB_imf_mapping_library=/gpfs/fs1/scinet/intel/2019u4/compilers_and_libraries_2019.4.243/linux/bin/intel64/libiml_attr.so -mPGOPTI_gen_threadsafe_level=0 -mIPOPT_lto_object_enabled -mIPOPT_lto_object_value=1 -mIPOPT_obj_output_file_name=CMakeFiles/cmTC_49410.dir/CMakeCCompilerABI.c.o -mIPOPT_whole_archive_fixup_file_name=/tmp/iccwarchYZOuNy -mGLOB_linker_version=2.27 -mGLOB_linker=ld -mGLOB_driver_tempfile_name=/tmp/icctempfile96atzq -mP3OPT_asm_target=P3OPT_ASM_TARGET_GAS -mGLOB_async_unwind_tables=TRUE -mGLOB_obj_output_file=CMakeFiles/cmTC_49410.dir/CMakeCCompilerABI.c.o -mGLOB_source_dialect=GLOB_SOURCE_DIALECT_C -mP1OPT_source_file_name=/gpfs/fs1/scinet/niagara/software/2019b/opt/base/cmake/3.21.4/share/cmake-3.21/Modules/CMakeCCompilerABI.c -mP1OPT_full_source_file_name=/gpfs/fs1/scinet/niagara/software/2019b/opt/base/cmake/3.21.4/share/cmake-3.21/Modules/CMakeCCompilerABI.c /gpfs/fs1/scinet/niagara/software/2019b/opt/base/cmake/3.21.4/share/cmake-3.21/Modules/CMakeCCompilerABI.c]
  ignore line: [#include "..." search starts here:]
  ignore line: [#include <...> search starts here:]
  ignore line: [ /scinet/intel/2019u4/compilers_and_libraries_2019.4.243/linux/pstl/include]
  ignore line: [ /scinet/intel/2019u4/compilers_and_libraries_2019.4.243/linux/ipp/include]
  ignore line: [ /scinet/intel/2019u4/compilers_and_libraries_2019.4.243/linux/mkl/include]
  ignore line: [ /scinet/intel/2019u4/compilers_and_libraries_2019.4.243/linux/pstl/include]
  ignore line: [ /scinet/intel/2019u4/compilers_and_libraries_2019.4.243/linux/tbb/include]
  ignore line: [ /scinet/intel/2019u4/compilers_and_libraries_2019.4.243/linux/daal/include]
  ignore line: [ /gpfs/fs1/scinet/intel/2019u4/compilers_and_libraries_2019.4.243/linux/compiler/include/intel64]
  ignore line: [ /gpfs/fs1/scinet/intel/2019u4/compilers_and_libraries_2019.4.243/linux/compiler/include/icc]
  ignore line: [ /gpfs/fs1/scinet/intel/2019u4/compilers_and_libraries_2019.4.243/linux/compiler/include]
  ignore line: [ /usr/local/include]
  ignore line: [ /gpfs/fs1/scinet/niagara/software/2019b/core/bin/../lib/gcc/x86_64-pc-linux-gnu/7.4.0/include]
  ignore line: [ /gpfs/fs1/scinet/niagara/software/2019b/core/bin/../lib/gcc/x86_64-pc-linux-gnu/7.4.0/include-fixed]
  ignore line: [ /gpfs/fs1/scinet/niagara/software/2019b/core/bin/../include/]
  ignore line: [ /usr/include]
  ignore line: [End of search list.]
  ignore line: [Linking C executable cmTC_49410]
  ignore line: [/gpfs/fs1/scinet/niagara/software/2019b/opt/base/cmake/3.21.4/bin/cmake -E cmake_link_script CMakeFiles/cmTC_49410.dir/link.txt --verbose=1]
  ignore line: [/scinet/intel/2019u4/compilers_and_libraries_2019.4.243/linux/bin/intel64/icc  -v CMakeFiles/cmTC_49410.dir/CMakeCCompilerABI.c.o -o cmTC_49410 ]
  ignore line: [__INTEL_PRE_CFLAGS options:  -gcc-name=core-gcc -gxx-name=core-g++]
  ignore line: [icc version 19.0.4.243 (gcc version 7.4.0 compatibility)]
  ignore line: [/gpfs/fs1/scinet/intel/2019u4/compilers_and_libraries_2019.4.243/linux/bin/intel64/mcpcom    -mGLOB_em64t=TRUE -mP1OPT_version=19.0-intel64 -mGLOB_diag_file=CMakeFiles/cmTC_49410.dir/CMakeCCompilerABI.c.diag -mGLOB_long_size_64 -mGLOB_routine_pointer_size_64 -mP1OPT_print_version=FALSE -mCG_use_gas_got_workaround=F -mP2OPT_align_option_used=TRUE -mGLOB_gcc_version=740 "-mGLOB_options_string=-gcc-name=core-gcc -gxx-name=core-g++ -v -o cmTC_49410" -mGLOB_cxx_limited_range=FALSE -mCG_extend_parms=FALSE -mGLOB_compiler_bin_directory=/gpfs/fs1/scinet/intel/2019u4/compilers_and_libraries_2019.4.243/linux/bin/intel64 -mGLOB_as_output_backup_file_name=/tmp/icckkKPxaas_.s -mGLOB_dashboard_use_source_name -mIPOPT_activate -mGLOB_product_id_code=0x22006d93 -mP3OPT_use_mspp_call_convention -mP2OPT_subs_out_of_bound=FALSE -mP2OPT_disam_type_based_disam=2 -mP2OPT_disam_assume_ansi_c -mP2OPT_checked_disam_ansi_alias=TRUE -mGLOB_ansi_alias -mPGOPTI_value_profile_use=T -mGLOB_opt_report_use_source_name -mP2OPT_il0_array_sections=TRUE -mGLOB_offload_mode=1 -mP2OPT_offload_unique_var_string=icc0482156775r2aPDm -mP2OPT_hlo -mP2OPT_hpo_rtt_control=0 -mIPOPT_args_in_regs=0 -mP2OPT_disam_assume_nonstd_intent_in=FALSE -mGLOB_imf_mapping_library=/gpfs/fs1/scinet/intel/2019u4/compilers_and_libraries_2019.4.243/linux/bin/intel64/libiml_attr.so -mPGOPTI_gen_threadsafe_level=0 -mIPOPT_link -mIPOPT_ipo_activate -mIPOPT_mo_activate -mIPOPT_source_files_list=/tmp/iccslisox9cyq -mIPOPT_mo_global_data -mIPOPT_link_script_file=/tmp/iccscriptvyn1xi "-mIPOPT_cmdline_link="/lib/../lib64/crt1.o" "/lib/../lib64/crti.o" "/gpfs/fs1/scinet/niagara/software/2019b/core/bin/../lib/gcc/x86_64-pc-linux-gnu/7.4.0/crtbegin.o" "--eh-frame-hdr" "--build-id" "-dynamic-linker" "/lib64/ld-linux-x86-64.so.2" "-m" "elf_x86_64" "-o" "cmTC_49410" "-L/scinet/intel/2019u4/compilers_and_libraries_2019.4.243/linux/ipp/lib/intel64" "-L/scinet/intel/2019u4/compilers_and_libraries_2019.4.243/linux/compiler/lib/intel64_lin" "-L/scinet/intel/2019u4/compilers_and_libraries_2019.4.243/linux/mkl/lib/intel64_lin" "-L/scinet/intel/2019u4/compilers_and_libraries_2019.4.243/linux/tbb/lib/intel64/gcc4.1" "-L/scinet/intel/2019u4/compilers_and_libraries_2019.4.243/linux/daal/lib/intel64_lin" "-L/scinet/intel/2019u4/compilers_and_libraries_2019.4.243/linux/tbb/lib/intel64_lin/gcc4.4" "-L/gpfs/fs1/scinet/intel/2019u4/compilers_and_libraries_2019.4.243/linux/compiler/lib/intel64_lin" "-L/gpfs/fs1/scinet/niagara/software/2019b/core/bin/../lib/gcc/x86_64-pc-linux-gnu/7.4.0/" "-L/gpfs/fs1/scinet/niagara/software/2019b/core/bin/../lib/gcc/" "-L/gpfs/fs1/scinet/niagara/software/2019b/core/bin/../lib/gcc/x86_64-pc-linux-gnu/7.4.0/../../../../lib64" "-L/gpfs/fs1/scinet/niagara/software/2019b/core/bin/../lib/gcc/x86_64-pc-linux-gnu/7.4.0/../../../../lib64/" "-L/lib/../lib64" "-L/lib/../lib64/" "-L/usr/lib/../lib64" "-L/usr/lib/../lib64/" "-L/scinet/intel/2019u4/compilers_and_libraries_2019.4.243/linux/ipp/lib/intel64/" "-L/scinet/intel/2019u4/compilers_and_libraries_2019.4.243/linux/compiler/lib/intel64_lin/" "-L/scinet/intel/2019u4/compilers_and_libraries_2019.4.243/linux/mkl/lib/intel64_lin/" "-L/scinet/intel/2019u4/compilers_and_libraries_2019.4.243/linux/tbb/lib/intel64/gcc4.1/" "-L/scinet/intel/2019u4/compilers_and_libraries_2019.4.243/linux/daal/lib/intel64_lin/" "-L/scinet/intel/2019u4/compilers_and_libraries_2019.4.243/linux/tbb/lib/intel64_lin/gcc4.4/" "-L/gpfs/fs1/scinet/niagara/software/2019b/core/bin/../lib/gcc/x86_64-pc-linux-gnu/7.4.0/../../../" "-L/lib64" "-L/lib/" "-L/usr/lib64" "-L/usr/lib" "CMakeFiles/cmTC_49410.dir/CMakeCCompilerABI.c.o" "-Bdynamic" "-Bstatic" "-limf" "-lsvml" "-lirng" "-Bdynamic" "-lm" "-Bstatic" "-lipgo" "-ldecimal" "--as-needed" "-Bdynamic" "-lcilkrts" "-lstdc++" "--no-as-needed" "-lgcc" "-lgcc_s" "-Bstatic" "-lirc" "-lsvml" "-Bdynamic" "-lc" "-lgcc" "-lgcc_s" "-Bstatic" "-lirc_s" "-Bdynamic" "-ldl" "-lc" "/gpfs/fs1/scinet/niagara/software/2019b/core/bin/../lib/gcc/x86_64-pc-linux-gnu/7.4.0/crtend.o" "/lib/../lib64/crtn.o"" -mIPOPT_il_in_obj -mIPOPT_ipo_activate_warn=FALSE -mIPOPT_obj_output_file_name=/tmp/ipo_iccq8Omzc.o -mIPOPT_whole_archive_fixup_file_name=/tmp/iccwarchqe5WxU -mGLOB_linker_version=2.27 -mGLOB_linker=ld -mGLOB_driver_tempfile_name=/tmp/icctempfile5KHdyM -mP3OPT_asm_target=P3OPT_ASM_TARGET_GAS -mGLOB_async_unwind_tables=TRUE -mGLOB_obj_output_file=/tmp/ipo_iccq8Omzc.o -mGLOB_source_dialect=GLOB_SOURCE_DIALECT_NONE -mP1OPT_source_file_name=ipo_out.c CMakeFiles/cmTC_49410.dir/CMakeCCompilerABI.c.o -mIPOPT_object_files=T -mIPOPT_assembly_files=/tmp/iccalisY5KYyW -mIPOPT_generated_tempfiles=/tmp/iccelisZSMMyO -mIPOPT_embedded_object_base_name=/tmp/icceobj8sRAyG -mIPOPT_cmdline_link_new_name=/tmp/iccllisPJYoyy]
  link line: [ld    /lib/../lib64/crt1.o /lib/../lib64/crti.o /gpfs/fs1/scinet/niagara/software/2019b/core/bin/../lib/gcc/x86_64-pc-linux-gnu/7.4.0/crtbegin.o --eh-frame-hdr --build-id -dynamic-linker /lib64/ld-linux-x86-64.so.2 -m elf_x86_64 -o cmTC_49410 -L/scinet/intel/2019u4/compilers_and_libraries_2019.4.243/linux/ipp/lib/intel64 -L/scinet/intel/2019u4/compilers_and_libraries_2019.4.243/linux/compiler/lib/intel64_lin -L/scinet/intel/2019u4/compilers_and_libraries_2019.4.243/linux/mkl/lib/intel64_lin -L/scinet/intel/2019u4/compilers_and_libraries_2019.4.243/linux/tbb/lib/intel64/gcc4.1 -L/scinet/intel/2019u4/compilers_and_libraries_2019.4.243/linux/daal/lib/intel64_lin -L/scinet/intel/2019u4/compilers_and_libraries_2019.4.243/linux/tbb/lib/intel64_lin/gcc4.4 -L/gpfs/fs1/scinet/intel/2019u4/compilers_and_libraries_2019.4.243/linux/compiler/lib/intel64_lin -L/gpfs/fs1/scinet/niagara/software/2019b/core/bin/../lib/gcc/x86_64-pc-linux-gnu/7.4.0/ -L/gpfs/fs1/scinet/niagara/software/2019b/core/bin/../lib/gcc/ -L/gpfs/fs1/scinet/niagara/software/2019b/core/bin/../lib/gcc/x86_64-pc-linux-gnu/7.4.0/../../../../lib64 -L/gpfs/fs1/scinet/niagara/software/2019b/core/bin/../lib/gcc/x86_64-pc-linux-gnu/7.4.0/../../../../lib64/ -L/lib/../lib64 -L/lib/../lib64/ -L/usr/lib/../lib64 -L/usr/lib/../lib64/ -L/scinet/intel/2019u4/compilers_and_libraries_2019.4.243/linux/ipp/lib/intel64/ -L/scinet/intel/2019u4/compilers_and_libraries_2019.4.243/linux/compiler/lib/intel64_lin/ -L/scinet/intel/2019u4/compilers_and_libraries_2019.4.243/linux/mkl/lib/intel64_lin/ -L/scinet/intel/2019u4/compilers_and_libraries_2019.4.243/linux/tbb/lib/intel64/gcc4.1/ -L/scinet/intel/2019u4/compilers_and_libraries_2019.4.243/linux/daal/lib/intel64_lin/ -L/scinet/intel/2019u4/compilers_and_libraries_2019.4.243/linux/tbb/lib/intel64_lin/gcc4.4/ -L/gpfs/fs1/scinet/niagara/software/2019b/core/bin/../lib/gcc/x86_64-pc-linux-gnu/7.4.0/../../../ -L/lib64 -L/lib/ -L/usr/lib64 -L/usr/lib CMakeFiles/cmTC_49410.dir/CMakeCCompilerABI.c.o -Bdynamic -Bstatic -limf -lsvml -lirng -Bdynamic -lm -Bstatic -lipgo -ldecimal --as-needed -Bdynamic -lcilkrts -lstdc++ --no-as-needed -lgcc -lgcc_s -Bstatic -lirc -lsvml -Bdynamic -lc -lgcc -lgcc_s -Bstatic -lirc_s -Bdynamic -ldl -lc /gpfs/fs1/scinet/niagara/software/2019b/core/bin/../lib/gcc/x86_64-pc-linux-gnu/7.4.0/crtend.o /lib/../lib64/crtn.o]
    arg [ld] ==> ignore
    arg [/lib/../lib64/crt1.o] ==> obj [/lib/../lib64/crt1.o]
    arg [/lib/../lib64/crti.o] ==> obj [/lib/../lib64/crti.o]
    arg [/gpfs/fs1/scinet/niagara/software/2019b/core/bin/../lib/gcc/x86_64-pc-linux-gnu/7.4.0/crtbegin.o] ==> obj [/gpfs/fs1/scinet/niagara/software/2019b/core/bin/../lib/gcc/x86_64-pc-linux-gnu/7.4.0/crtbegin.o]
    arg [--eh-frame-hdr] ==> ignore
    arg [--build-id] ==> ignore
    arg [-dynamic-linker] ==> ignore
    arg [/lib64/ld-linux-x86-64.so.2] ==> ignore
    arg [-m] ==> ignore
    arg [elf_x86_64] ==> ignore
    arg [-o] ==> ignore
    arg [cmTC_49410] ==> ignore
    arg [-L/scinet/intel/2019u4/compilers_and_libraries_2019.4.243/linux/ipp/lib/intel64] ==> dir [/scinet/intel/2019u4/compilers_and_libraries_2019.4.243/linux/ipp/lib/intel64]
    arg [-L/scinet/intel/2019u4/compilers_and_libraries_2019.4.243/linux/compiler/lib/intel64_lin] ==> dir [/scinet/intel/2019u4/compilers_and_libraries_2019.4.243/linux/compiler/lib/intel64_lin]
    arg [-L/scinet/intel/2019u4/compilers_and_libraries_2019.4.243/linux/mkl/lib/intel64_lin] ==> dir [/scinet/intel/2019u4/compilers_and_libraries_2019.4.243/linux/mkl/lib/intel64_lin]
    arg [-L/scinet/intel/2019u4/compilers_and_libraries_2019.4.243/linux/tbb/lib/intel64/gcc4.1] ==> dir [/scinet/intel/2019u4/compilers_and_libraries_2019.4.243/linux/tbb/lib/intel64/gcc4.1]
    arg [-L/scinet/intel/2019u4/compilers_and_libraries_2019.4.243/linux/daal/lib/intel64_lin] ==> dir [/scinet/intel/2019u4/compilers_and_libraries_2019.4.243/linux/daal/lib/intel64_lin]
    arg [-L/scinet/intel/2019u4/compilers_and_libraries_2019.4.243/linux/tbb/lib/intel64_lin/gcc4.4] ==> dir [/scinet/intel/2019u4/compilers_and_libraries_2019.4.243/linux/tbb/lib/intel64_lin/gcc4.4]
    arg [-L/gpfs/fs1/scinet/intel/2019u4/compilers_and_libraries_2019.4.243/linux/compiler/lib/intel64_lin] ==> dir [/gpfs/fs1/scinet/intel/2019u4/compilers_and_libraries_2019.4.243/linux/compiler/lib/intel64_lin]
    arg [-L/gpfs/fs1/scinet/niagara/software/2019b/core/bin/../lib/gcc/x86_64-pc-linux-gnu/7.4.0/] ==> dir [/gpfs/fs1/scinet/niagara/software/2019b/core/bin/../lib/gcc/x86_64-pc-linux-gnu/7.4.0/]
    arg [-L/gpfs/fs1/scinet/niagara/software/2019b/core/bin/../lib/gcc/] ==> dir [/gpfs/fs1/scinet/niagara/software/2019b/core/bin/../lib/gcc/]
    arg [-L/gpfs/fs1/scinet/niagara/software/2019b/core/bin/../lib/gcc/x86_64-pc-linux-gnu/7.4.0/../../../../lib64] ==> dir [/gpfs/fs1/scinet/niagara/software/2019b/core/bin/../lib/gcc/x86_64-pc-linux-gnu/7.4.0/../../../../lib64]
    arg [-L/gpfs/fs1/scinet/niagara/software/2019b/core/bin/../lib/gcc/x86_64-pc-linux-gnu/7.4.0/../../../../lib64/] ==> dir [/gpfs/fs1/scinet/niagara/software/2019b/core/bin/../lib/gcc/x86_64-pc-linux-gnu/7.4.0/../../../../lib64/]
    arg [-L/lib/../lib64] ==> dir [/lib/../lib64]
    arg [-L/lib/../lib64/] ==> dir [/lib/../lib64/]
    arg [-L/usr/lib/../lib64] ==> dir [/usr/lib/../lib64]
    arg [-L/usr/lib/../lib64/] ==> dir [/usr/lib/../lib64/]
    arg [-L/scinet/intel/2019u4/compilers_and_libraries_2019.4.243/linux/ipp/lib/intel64/] ==> dir [/scinet/intel/2019u4/compilers_and_libraries_2019.4.243/linux/ipp/lib/intel64/]
    arg [-L/scinet/intel/2019u4/compilers_and_libraries_2019.4.243/linux/compiler/lib/intel64_lin/] ==> dir [/scinet/intel/2019u4/compilers_and_libraries_2019.4.243/linux/compiler/lib/intel64_lin/]
    arg [-L/scinet/intel/2019u4/compilers_and_libraries_2019.4.243/linux/mkl/lib/intel64_lin/] ==> dir [/scinet/intel/2019u4/compilers_and_libraries_2019.4.243/linux/mkl/lib/intel64_lin/]
    arg [-L/scinet/intel/2019u4/compilers_and_libraries_2019.4.243/linux/tbb/lib/intel64/gcc4.1/] ==> dir [/scinet/intel/2019u4/compilers_and_libraries_2019.4.243/linux/tbb/lib/intel64/gcc4.1/]
    arg [-L/scinet/intel/2019u4/compilers_and_libraries_2019.4.243/linux/daal/lib/intel64_lin/] ==> dir [/scinet/intel/2019u4/compilers_and_libraries_2019.4.243/linux/daal/lib/intel64_lin/]
    arg [-L/scinet/intel/2019u4/compilers_and_libraries_2019.4.243/linux/tbb/lib/intel64_lin/gcc4.4/] ==> dir [/scinet/intel/2019u4/compilers_and_libraries_2019.4.243/linux/tbb/lib/intel64_lin/gcc4.4/]
    arg [-L/gpfs/fs1/scinet/niagara/software/2019b/core/bin/../lib/gcc/x86_64-pc-linux-gnu/7.4.0/../../../] ==> dir [/gpfs/fs1/scinet/niagara/software/2019b/core/bin/../lib/gcc/x86_64-pc-linux-gnu/7.4.0/../../../]
    arg [-L/lib64] ==> dir [/lib64]
    arg [-L/lib/] ==> dir [/lib/]
    arg [-L/usr/lib64] ==> dir [/usr/lib64]
    arg [-L/usr/lib] ==> dir [/usr/lib]
    arg [CMakeFiles/cmTC_49410.dir/CMakeCCompilerABI.c.o] ==> ignore
    arg [-Bdynamic] ==> search dynamic
    arg [-Bstatic] ==> search static
    arg [-limf] ==> lib [imf]
    arg [-lsvml] ==> lib [svml]
    arg [-lirng] ==> lib [irng]
    arg [-Bdynamic] ==> search dynamic
    arg [-lm] ==> lib [m]
    arg [-Bstatic] ==> search static
    arg [-lipgo] ==> lib [ipgo]
    arg [-ldecimal] ==> lib [decimal]
    arg [--as-needed] ==> ignore
    arg [-Bdynamic] ==> search dynamic
    arg [-lcilkrts] ==> lib [cilkrts]
    arg [-lstdc++] ==> lib [stdc++]
    arg [--no-as-needed] ==> ignore
    arg [-lgcc] ==> lib [gcc]
    arg [-lgcc_s] ==> lib [gcc_s]
    arg [-Bstatic] ==> search static
    arg [-lirc] ==> lib [irc]
    arg [-lsvml] ==> lib [svml]
    arg [-Bdynamic] ==> search dynamic
    arg [-lc] ==> lib [c]
    arg [-lgcc] ==> lib [gcc]
    arg [-lgcc_s] ==> lib [gcc_s]
    arg [-Bstatic] ==> search static
    arg [-lirc_s] ==> lib [irc_s]
    arg [-Bdynamic] ==> search dynamic
    arg [-ldl] ==> lib [dl]
    arg [-lc] ==> lib [c]
    arg [/gpfs/fs1/scinet/niagara/software/2019b/core/bin/../lib/gcc/x86_64-pc-linux-gnu/7.4.0/crtend.o] ==> obj [/gpfs/fs1/scinet/niagara/software/2019b/core/bin/../lib/gcc/x86_64-pc-linux-gnu/7.4.0/crtend.o]
    arg [/lib/../lib64/crtn.o] ==> obj [/lib/../lib64/crtn.o]
  collapse obj [/lib/../lib64/crt1.o] ==> [/lib64/crt1.o]
  collapse obj [/lib/../lib64/crti.o] ==> [/lib64/crti.o]
  collapse obj [/gpfs/fs1/scinet/niagara/software/2019b/core/bin/../lib/gcc/x86_64-pc-linux-gnu/7.4.0/crtbegin.o] ==> [/gpfs/fs1/scinet/niagara/software/2019b/core/lib/gcc/x86_64-pc-linux-gnu/7.4.0/crtbegin.o]
  collapse obj [/gpfs/fs1/scinet/niagara/software/2019b/core/bin/../lib/gcc/x86_64-pc-linux-gnu/7.4.0/crtend.o] ==> [/gpfs/fs1/scinet/niagara/software/2019b/core/lib/gcc/x86_64-pc-linux-gnu/7.4.0/crtend.o]
  collapse obj [/lib/../lib64/crtn.o] ==> [/lib64/crtn.o]
  collapse library dir [/scinet/intel/2019u4/compilers_and_libraries_2019.4.243/linux/ipp/lib/intel64] ==> [/scinet/intel/2019u4/compilers_and_libraries_2019.4.243/linux/ipp/lib/intel64]
  collapse library dir [/scinet/intel/2019u4/compilers_and_libraries_2019.4.243/linux/compiler/lib/intel64_lin] ==> [/scinet/intel/2019u4/compilers_and_libraries_2019.4.243/linux/compiler/lib/intel64_lin]
  collapse library dir [/scinet/intel/2019u4/compilers_and_libraries_2019.4.243/linux/mkl/lib/intel64_lin] ==> [/scinet/intel/2019u4/compilers_and_libraries_2019.4.243/linux/mkl/lib/intel64_lin]
  collapse library dir [/scinet/intel/2019u4/compilers_and_libraries_2019.4.243/linux/tbb/lib/intel64/gcc4.1] ==> [/scinet/intel/2019u4/compilers_and_libraries_2019.4.243/linux/tbb/lib/intel64/gcc4.1]
  collapse library dir [/scinet/intel/2019u4/compilers_and_libraries_2019.4.243/linux/daal/lib/intel64_lin] ==> [/scinet/intel/2019u4/compilers_and_libraries_2019.4.243/linux/daal/lib/intel64_lin]
  collapse library dir [/scinet/intel/2019u4/compilers_and_libraries_2019.4.243/linux/tbb/lib/intel64_lin/gcc4.4] ==> [/scinet/intel/2019u4/compilers_and_libraries_2019.4.243/linux/tbb/lib/intel64_lin/gcc4.4]
  collapse library dir [/gpfs/fs1/scinet/intel/2019u4/compilers_and_libraries_2019.4.243/linux/compiler/lib/intel64_lin] ==> [/gpfs/fs1/scinet/intel/2019u4/compilers_and_libraries_2019.4.243/linux/compiler/lib/intel64_lin]
  collapse library dir [/gpfs/fs1/scinet/niagara/software/2019b/core/bin/../lib/gcc/x86_64-pc-linux-gnu/7.4.0/] ==> [/gpfs/fs1/scinet/niagara/software/2019b/core/lib/gcc/x86_64-pc-linux-gnu/7.4.0]
  collapse library dir [/gpfs/fs1/scinet/niagara/software/2019b/core/bin/../lib/gcc/] ==> [/gpfs/fs1/scinet/niagara/software/2019b/core/lib/gcc]
  collapse library dir [/gpfs/fs1/scinet/niagara/software/2019b/core/bin/../lib/gcc/x86_64-pc-linux-gnu/7.4.0/../../../../lib64] ==> [/gpfs/fs1/scinet/niagara/software/2019b/core/lib64]
  collapse library dir [/gpfs/fs1/scinet/niagara/software/2019b/core/bin/../lib/gcc/x86_64-pc-linux-gnu/7.4.0/../../../../lib64/] ==> [/gpfs/fs1/scinet/niagara/software/2019b/core/lib64]
  collapse library dir [/lib/../lib64] ==> [/lib64]
  collapse library dir [/lib/../lib64/] ==> [/lib64]
  collapse library dir [/usr/lib/../lib64] ==> [/usr/lib64]
  collapse library dir [/usr/lib/../lib64/] ==> [/usr/lib64]
  collapse library dir [/scinet/intel/2019u4/compilers_and_libraries_2019.4.243/linux/ipp/lib/intel64/] ==> [/scinet/intel/2019u4/compilers_and_libraries_2019.4.243/linux/ipp/lib/intel64]
  collapse library dir [/scinet/intel/2019u4/compilers_and_libraries_2019.4.243/linux/compiler/lib/intel64_lin/] ==> [/scinet/intel/2019u4/compilers_and_libraries_2019.4.243/linux/compiler/lib/intel64_lin]
  collapse library dir [/scinet/intel/2019u4/compilers_and_libraries_2019.4.243/linux/mkl/lib/intel64_lin/] ==> [/scinet/intel/2019u4/compilers_and_libraries_2019.4.243/linux/mkl/lib/intel64_lin]
  collapse library dir [/scinet/intel/2019u4/compilers_and_libraries_2019.4.243/linux/tbb/lib/intel64/gcc4.1/] ==> [/scinet/intel/2019u4/compilers_and_libraries_2019.4.243/linux/tbb/lib/intel64/gcc4.1]
  collapse library dir [/scinet/intel/2019u4/compilers_and_libraries_2019.4.243/linux/daal/lib/intel64_lin/] ==> [/scinet/intel/2019u4/compilers_and_libraries_2019.4.243/linux/daal/lib/intel64_lin]
  collapse library dir [/scinet/intel/2019u4/compilers_and_libraries_2019.4.243/linux/tbb/lib/intel64_lin/gcc4.4/] ==> [/scinet/intel/2019u4/compilers_and_libraries_2019.4.243/linux/tbb/lib/intel64_lin/gcc4.4]
  collapse library dir [/gpfs/fs1/scinet/niagara/software/2019b/core/bin/../lib/gcc/x86_64-pc-linux-gnu/7.4.0/../../../] ==> [/gpfs/fs1/scinet/niagara/software/2019b/core/lib]
  collapse library dir [/lib64] ==> [/lib64]
  collapse library dir [/lib/] ==> [/lib]
  collapse library dir [/usr/lib64] ==> [/usr/lib64]
  collapse library dir [/usr/lib] ==> [/usr/lib]
  implicit libs: [imf;svml;irng;m;ipgo;decimal;cilkrts;stdc++;gcc;gcc_s;irc;svml;c;gcc;gcc_s;irc_s;dl;c]
  implicit objs: [/lib64/crt1.o;/lib64/crti.o;/gpfs/fs1/scinet/niagara/software/2019b/core/lib/gcc/x86_64-pc-linux-gnu/7.4.0/crtbegin.o;/gpfs/fs1/scinet/niagara/software/2019b/core/lib/gcc/x86_64-pc-linux-gnu/7.4.0/crtend.o;/lib64/crtn.o]
  implicit dirs: [/scinet/intel/2019u4/compilers_and_libraries_2019.4.243/linux/ipp/lib/intel64;/scinet/intel/2019u4/compilers_and_libraries_2019.4.243/linux/compiler/lib/intel64_lin;/scinet/intel/2019u4/compilers_and_libraries_2019.4.243/linux/mkl/lib/intel64_lin;/scinet/intel/2019u4/compilers_and_libraries_2019.4.243/linux/tbb/lib/intel64/gcc4.1;/scinet/intel/2019u4/compilers_and_libraries_2019.4.243/linux/daal/lib/intel64_lin;/scinet/intel/2019u4/compilers_and_libraries_2019.4.243/linux/tbb/lib/intel64_lin/gcc4.4;/gpfs/fs1/scinet/intel/2019u4/compilers_and_libraries_2019.4.243/linux/compiler/lib/intel64_lin;/gpfs/fs1/scinet/niagara/software/2019b/core/lib/gcc/x86_64-pc-linux-gnu/7.4.0;/gpfs/fs1/scinet/niagara/software/2019b/core/lib/gcc;/gpfs/fs1/scinet/niagara/software/2019b/core/lib64;/lib64;/usr/lib64;/gpfs/fs1/scinet/niagara/software/2019b/core/lib;/lib;/usr/lib]
  implicit fwks: []


Detecting CXX compiler ABI info compiled with the following output:
Change Dir: /gpfs/fs0/scratch/k/kazem/gnpower/Code/build/CMakeFiles/CMakeTmp

Run Build Command(s):/bin/gmake -f Makefile cmTC_e9bc4/fast && /bin/gmake  -f CMakeFiles/cmTC_e9bc4.dir/build.make CMakeFiles/cmTC_e9bc4.dir/build
gmake[1]: Entering directory `/gpfs/fs0/scratch/k/kazem/gnpower/Code/build/CMakeFiles/CMakeTmp'
Building CXX object CMakeFiles/cmTC_e9bc4.dir/CMakeCXXCompilerABI.cpp.o
/scinet/intel/2019u4/compilers_and_libraries_2019.4.243/linux/bin/intel64/icpc   -v -MD -MT CMakeFiles/cmTC_e9bc4.dir/CMakeCXXCompilerABI.cpp.o -MF CMakeFiles/cmTC_e9bc4.dir/CMakeCXXCompilerABI.cpp.o.d -o CMakeFiles/cmTC_e9bc4.dir/CMakeCXXCompilerABI.cpp.o -c /gpfs/fs1/scinet/niagara/software/2019b/opt/base/cmake/3.21.4/share/cmake-3.21/Modules/CMakeCXXCompilerABI.cpp
__INTEL_PRE_CFLAGS options:  -gcc-name=core-gcc -gxx-name=core-g++
icpc version 19.0.4.243 (gcc version 7.4.0 compatibility)
/gpfs/fs1/scinet/intel/2019u4/compilers_and_libraries_2019.4.243/linux/bin/intel64/mcpcom    --target_efi2 --lang=c++ -oCMakeFiles/cmTC_e9bc4.dir/CMakeCXXCompilerABI.cpp.o -_g -mP3OPT_inline_alloca -D__ICC=1900 -D__INTEL_COMPILER=1900 -D__INTEL_COMPILER_UPDATE=4 -D__PTRDIFF_TYPE__=long "-D__SIZE_TYPE__=unsigned long" -D__WCHAR_TYPE__=int "-D__WINT_TYPE__=unsigned int" "-D__INTMAX_TYPE__=long int" "-D__UINTMAX_TYPE__=long unsigned int" -D__GLIBCXX_TYPE_INT_N_0=__int128 -D__GLIBCXX_BITSIZE_INT_N_0=128 -D__LONG_MAX__=9223372036854775807L -D__QMSPP_ -D__OPTIMIZE__ -D__NO_MATH_INLINES -D__NO_STRING_INLINES -D__GNUC_GNU_INLINE__ -D__GNUG__=7 -D__GNUC__=7 -D__GNUC_MINOR__=4 -D__GNUC_PATCHLEVEL__=0 -D__LP64__ -D_LP64 -D_GNU_SOURCE=1 -D__DEPRECATED=1 -D__GXX_WEAK__=1 -D__GXX_ABI_VERSION=1010 "-D__USER_LABEL_PREFIX__= " -D__REGISTER_PREFIX__= -D__INTEL_RTTI__ -D__EXCEPTIONS=1 -D__unix__ -D__unix -D__linux__ -D__linux -D__gnu_linux__ -B -Dunix -Dlinux "-_Asystem(unix)" -D__ELF__ -D__x86_64 -D__x86_64__ -D__amd64 -D__amd64__ "-_Acpu(x86_64)" "-_Amachine(x86_64)" -D__INTEL_COMPILER_BUILD_DATE=20190416 -D__INTEL_OFFLOAD -D__i686 -D__i686__ -D__pentiumpro -D__pentiumpro__ -D__tune_i686__ -D__tune_pentiumpro__ -D__pentium4 -D__pentium4__ -D__tune_pentium4__ -D__SSE2__ -D__SSE2_MATH__ -D__SSE__ -D__SSE_MATH__ -D__MMX__ -_k -_8 -_l --has_new_stdarg_support -_a -_b --gnu_version=70400 -_W5 --gcc-extern-inline -p --bool -tused -x --openmp_simd --dependency_file_name CMakeFiles/cmTC_e9bc4.dir/CMakeCXXCompilerABI.cpp.o.d --compile_dependencies --dependency_target_name CMakeFiles/cmTC_e9bc4.dir/CMakeCXXCompilerABI.cpp.o --multibyte_chars -mGLOB_diag_suppress_sys --system_preinclude /usr/include/stdc-predef.h -I/scinet/intel/2019u4/compilers_and_libraries_2019.4.243/linux/pstl/include -I/scinet/intel/2019u4/compilers_and_libraries_2019.4.243/linux/ipp/include -I/scinet/intel/2019u4/compilers_and_libraries_2019.4.243/linux/mkl/include -I/scinet/intel/2019u4/compilers_and_libraries_2019.4.243/linux/pstl/include -I/scinet/intel/2019u4/compilers_and_libraries_2019.4.243/linux/tbb/include -I/scinet/intel/2019u4/compilers_and_libraries_2019.4.243/linux/daal/include --array_section --simd --simd_func --offload_mode=1 --offload_target_names=mic,MIC --offload_unique_string=icpc1663117193CEI09A --bool -mGLOB_em64t=TRUE -mP1OPT_version=19.0-intel64 -mGLOB_diag_file=CMakeFiles/cmTC_e9bc4.dir/CMakeCXXCompilerABI.cpp.diag -mGLOB_long_size_64 -mGLOB_routine_pointer_size_64 -mP1OPT_print_version=FALSE -mCG_use_gas_got_workaround=F -mP2OPT_align_option_used=TRUE -mGLOB_gcc_version=740 "-mGLOB_options_string=-gcc-name=core-gcc -gxx-name=core-g++ -v -MD -MT CMakeFiles/cmTC_e9bc4.dir/CMakeCXXCompilerABI.cpp.o -MF CMakeFiles/cmTC_e9bc4.dir/CMakeCXXCompilerABI.cpp.o.d -o CMakeFiles/cmTC_e9bc4.dir/CMakeCXXCompilerABI.cpp.o -c" -mGLOB_cxx_limited_range=FALSE -mCG_extend_parms=FALSE -mGLOB_compiler_bin_directory=/gpfs/fs1/scinet/intel/2019u4/compilers_and_libraries_2019.4.243/linux/bin/intel64 -mGLOB_as_output_backup_file_name=/tmp/icpcI7yUQeas_.s -mIPOPT_activate -mIPOPT_lite -mGLOB_uarch_tuning=0x0 -mGLOB_product_id_code=0x22006d90 -mCG_bnl_movbe=T -mGLOB_extended_instructions=0x8 -mP3OPT_use_mspp_call_convention -mP2OPT_subs_out_of_bound=FALSE -mP2OPT_disam_type_based_disam=2 -mP2OPT_disam_assume_ansi_c -mP2OPT_checked_disam_ansi_alias=TRUE -mGLOB_ansi_alias -mPGOPTI_value_profile_use=T -mP2OPT_il0_array_sections=TRUE -mGLOB_offload_mode=1 -mP2OPT_offload_unique_var_string=icpc1663117193CEI09A -mP2OPT_hlo_level=2 -mP2OPT_hlo -mP2OPT_hpo_rtt_control=0 -mIPOPT_args_in_regs=0 -mP2OPT_disam_assume_nonstd_intent_in=FALSE -mGLOB_imf_mapping_library=/gpfs/fs1/scinet/intel/2019u4/compilers_and_libraries_2019.4.243/linux/bin/intel64/libiml_attr.so -mPGOPTI_gen_threadsafe_level=0 -mIPOPT_lto_object_enabled -mIPOPT_lto_object_value=1 -mIPOPT_obj_output_file_name=CMakeFiles/cmTC_e9bc4.dir/CMakeCXXCompilerABI.cpp.o -mIPOPT_whole_archive_fixup_file_name=/tmp/icpcwarch0NXAZZ -mGLOB_linker_version=2.27 -mGLOB_linker=ld -mGLOB_driver_tempfile_name=/tmp/icpctempfile0KN2yS -mP3OPT_asm_target=P3OPT_ASM_TARGET_GAS -mGLOB_async_unwind_tables=TRUE -mGLOB_obj_output_file=CMakeFiles/cmTC_e9bc4.dir/CMakeCXXCompilerABI.cpp.o -mGLOB_source_dialect=GLOB_SOURCE_DIALECT_C_PLUS_PLUS -mP1OPT_source_file_name=/gpfs/fs1/scinet/niagara/software/2019b/opt/base/cmake/3.21.4/share/cmake-3.21/Modules/CMakeCXXCompilerABI.cpp -mP1OPT_full_source_file_name=/gpfs/fs1/scinet/niagara/software/2019b/opt/base/cmake/3.21.4/share/cmake-3.21/Modules/CMakeCXXCompilerABI.cpp -mGLOB_eh_linux /gpfs/fs1/scinet/niagara/software/2019b/opt/base/cmake/3.21.4/share/cmake-3.21/Modules/CMakeCXXCompilerABI.cpp
#include "..." search starts here:
#include <...> search starts here:
 /scinet/intel/2019u4/compilers_and_libraries_2019.4.243/linux/pstl/include
 /scinet/intel/2019u4/compilers_and_libraries_2019.4.243/linux/ipp/include
 /scinet/intel/2019u4/compilers_and_libraries_2019.4.243/linux/mkl/include
 /scinet/intel/2019u4/compilers_and_libraries_2019.4.243/linux/pstl/include
 /scinet/intel/2019u4/compilers_and_libraries_2019.4.243/linux/tbb/include
 /scinet/intel/2019u4/compilers_and_libraries_2019.4.243/linux/daal/include
 /gpfs/fs1/scinet/intel/2019u4/compilers_and_libraries_2019.4.243/linux/compiler/include/intel64
 /gpfs/fs1/scinet/intel/2019u4/compilers_and_libraries_2019.4.243/linux/compiler/include/icc
 /gpfs/fs1/scinet/intel/2019u4/compilers_and_libraries_2019.4.243/linux/compiler/include
 /gpfs/fs1/scinet/niagara/software/2019b/core/bin/../include/c++/7.4.0
 /gpfs/fs1/scinet/niagara/software/2019b/core/bin/../include/c++/7.4.0/x86_64-pc-linux-gnu
 /gpfs/fs1/scinet/niagara/software/2019b/core/bin/../include/c++/7.4.0/backward
 /usr/local/include
 /gpfs/fs1/scinet/niagara/software/2019b/core/bin/../lib/gcc/x86_64-pc-linux-gnu/7.4.0/include
 /gpfs/fs1/scinet/niagara/software/2019b/core/bin/../lib/gcc/x86_64-pc-linux-gnu/7.4.0/include-fixed
 /gpfs/fs1/scinet/niagara/software/2019b/core/bin/../include/
 /usr/include
End of search list.
Linking CXX executable cmTC_e9bc4
/gpfs/fs1/scinet/niagara/software/2019b/opt/base/cmake/3.21.4/bin/cmake -E cmake_link_script CMakeFiles/cmTC_e9bc4.dir/link.txt --verbose=1
/scinet/intel/2019u4/compilers_and_libraries_2019.4.243/linux/bin/intel64/icpc  -v CMakeFiles/cmTC_e9bc4.dir/CMakeCXXCompilerABI.cpp.o -o cmTC_e9bc4 
__INTEL_PRE_CFLAGS options:  -gcc-name=core-gcc -gxx-name=core-g++
icpc version 19.0.4.243 (gcc version 7.4.0 compatibility)
/gpfs/fs1/scinet/intel/2019u4/compilers_and_libraries_2019.4.243/linux/bin/intel64/mcpcom    -mGLOB_em64t=TRUE -mP1OPT_version=19.0-intel64 -mGLOB_diag_file=CMakeFiles/cmTC_e9bc4.dir/CMakeCXXCompilerABI.cpp.diag -mGLOB_long_size_64 -mGLOB_routine_pointer_size_64 -mP1OPT_print_version=FALSE -mCG_use_gas_got_workaround=F -mP2OPT_align_option_used=TRUE -mGLOB_gcc_version=740 "-mGLOB_options_string=-gcc-name=core-gcc -gxx-name=core-g++ -v -o cmTC_e9bc4" -mGLOB_cxx_limited_range=FALSE -mCG_extend_parms=FALSE -mGLOB_compiler_bin_directory=/gpfs/fs1/scinet/intel/2019u4/compilers_and_libraries_2019.4.243/linux/bin/intel64 -mGLOB_as_output_backup_file_name=/tmp/icpcYbXioHas_.s -mGLOB_dashboard_use_source_name -mIPOPT_activate -mGLOB_product_id_code=0x22006d90 -mP3OPT_use_mspp_call_convention -mP2OPT_subs_out_of_bound=FALSE -mP2OPT_disam_type_based_disam=2 -mP2OPT_disam_assume_ansi_c -mP2OPT_checked_disam_ansi_alias=TRUE -mGLOB_ansi_alias -mPGOPTI_value_profile_use=T -mGLOB_opt_report_use_source_name -mP2OPT_il0_array_sections=TRUE -mGLOB_offload_mode=1 -mP2OPT_offload_unique_var_string=icpc2051757823ACIH0G -mP2OPT_hlo -mP2OPT_hpo_rtt_control=0 -mIPOPT_args_in_regs=0 -mP2OPT_disam_assume_nonstd_intent_in=FALSE -mGLOB_imf_mapping_library=/gpfs/fs1/scinet/intel/2019u4/compilers_and_libraries_2019.4.243/linux/bin/intel64/libiml_attr.so -mPGOPTI_gen_threadsafe_level=0 -mIPOPT_link -mIPOPT_ipo_activate -mIPOPT_mo_activate -mIPOPT_source_files_list=/tmp/icpcslisIYGHVV -mIPOPT_mo_global_data -mIPOPT_link_script_file=/tmp/icpcscriptkul1EO "-mIPOPT_cmdline_link="/lib/../lib64/crt1.o" "/lib/../lib64/crti.o" "/gpfs/fs1/scinet/niagara/software/2019b/core/bin/../lib/gcc/x86_64-pc-linux-gnu/7.4.0/crtbegin.o" "--eh-frame-hdr" "--build-id" "-dynamic-linker" "/lib64/ld-linux-x86-64.so.2" "-m" "elf_x86_64" "-o" "cmTC_e9bc4" "-L/scinet/intel/2019u4/compilers_and_libraries_2019.4.243/linux/ipp/lib/intel64" "-L/scinet/intel/2019u4/compilers_and_libraries_2019.4.243/linux/compiler/lib/intel64_lin" "-L/scinet/intel/2019u4/compilers_and_libraries_2019.4.243/linux/mkl/lib/intel64_lin" "-L/scinet/intel/2019u4/compilers_and_libraries_2019.4.243/linux/tbb/lib/intel64/gcc4.1" "-L/scinet/intel/2019u4/compilers_and_libraries_2019.4.243/linux/daal/lib/intel64_lin" "-L/scinet/intel/2019u4/compilers_and_libraries_2019.4.243/linux/tbb/lib/intel64_lin/gcc4.4" "-L/gpfs/fs1/scinet/intel/2019u4/compilers_and_libraries_2019.4.243/linux/compiler/lib/intel64_lin" "-L/gpfs/fs1/scinet/niagara/software/2019b/core/bin/../lib/gcc/x86_64-pc-linux-gnu/7.4.0/" "-L/gpfs/fs1/scinet/niagara/software/2019b/core/bin/../lib/gcc/" "-L/gpfs/fs1/scinet/niagara/software/2019b/core/bin/../lib/gcc/x86_64-pc-linux-gnu/7.4.0/../../../../lib64" "-L/gpfs/fs1/scinet/niagara/software/2019b/core/bin/../lib/gcc/x86_64-pc-linux-gnu/7.4.0/../../../../lib64/" "-L/lib/../lib64" "-L/lib/../lib64/" "-L/usr/lib/../lib64" "-L/usr/lib/../lib64/" "-L/scinet/intel/2019u4/compilers_and_libraries_2019.4.243/linux/ipp/lib/intel64/" "-L/scinet/intel/2019u4/compilers_and_libraries_2019.4.243/linux/compiler/lib/intel64_lin/" "-L/scinet/intel/2019u4/compilers_and_libraries_2019.4.243/linux/mkl/lib/intel64_lin/" "-L/scinet/intel/2019u4/compilers_and_libraries_2019.4.243/linux/tbb/lib/intel64/gcc4.1/" "-L/scinet/intel/2019u4/compilers_and_libraries_2019.4.243/linux/daal/lib/intel64_lin/" "-L/scinet/intel/2019u4/compilers_and_libraries_2019.4.243/linux/tbb/lib/intel64_lin/gcc4.4/" "-L/gpfs/fs1/scinet/niagara/software/2019b/core/bin/../lib/gcc/x86_64-pc-linux-gnu/7.4.0/../../../" "-L/lib64" "-L/lib/" "-L/usr/lib64" "-L/usr/lib" "CMakeFiles/cmTC_e9bc4.dir/CMakeCXXCompilerABI.cpp.o" "-Bdynamic" "-Bstatic" "-limf" "-lsvml" "-lirng" "-Bdynamic" "-lstdc++" "-lm" "-Bstatic" "-lipgo" "-ldecimal" "--as-needed" "-Bdynamic" "-lcilkrts" "--no-as-needed" "-lstdc++" "-lgcc" "-lgcc_s" "-Bstatic" "-lirc" "-lsvml" "-Bdynamic" "-lc" "-lgcc" "-lgcc_s" "-Bstatic" "-lirc_s" "-Bdynamic" "-ldl" "-lc" "/gpfs/fs1/scinet/niagara/software/2019b/core/bin/../lib/gcc/x86_64-pc-linux-gnu/7.4.0/crtend.o" "/lib/../lib64/crtn.o"" -mIPOPT_il_in_obj -mIPOPT_ipo_activate_warn=FALSE -mIPOPT_obj_output_file_name=/tmp/ipo_icpcYbJOxD.o -mIPOPT_whole_archive_fixup_file_name=/tmp/icpcwarchuFQkRs -mGLOB_linker_version=2.27 -mGLOB_linker=ld -mGLOB_driver_tempfile_name=/tmp/icpctempfileEqM2Al -mP3OPT_asm_target=P3OPT_ASM_TARGET_GAS -mGLOB_async_unwind_tables=TRUE -mGLOB_obj_output_file=/tmp/ipo_icpcYbJOxD.o -mGLOB_source_dialect=GLOB_SOURCE_DIALECT_NONE -mP1OPT_source_file_name=ipo_out.c CMakeFiles/cmTC_e9bc4.dir/CMakeCXXCompilerABI.cpp.o -mIPOPT_object_files=T -mIPOPT_assembly_files=/tmp/icpcalis8Vvr0o -mIPOPT_generated_tempfiles=/tmp/icpcelise9YKJh -mIPOPT_embedded_object_base_name=/tmp/icpceobjwHv4sa -mIPOPT_cmdline_link_new_name=/tmp/icpcllis0Y4nc3
ld    /lib/../lib64/crt1.o /lib/../lib64/crti.o /gpfs/fs1/scinet/niagara/software/2019b/core/bin/../lib/gcc/x86_64-pc-linux-gnu/7.4.0/crtbegin.o --eh-frame-hdr --build-id -dynamic-linker /lib64/ld-linux-x86-64.so.2 -m elf_x86_64 -o cmTC_e9bc4 -L/scinet/intel/2019u4/compilers_and_libraries_2019.4.243/linux/ipp/lib/intel64 -L/scinet/intel/2019u4/compilers_and_libraries_2019.4.243/linux/compiler/lib/intel64_lin -L/scinet/intel/2019u4/compilers_and_libraries_2019.4.243/linux/mkl/lib/intel64_lin -L/scinet/intel/2019u4/compilers_and_libraries_2019.4.243/linux/tbb/lib/intel64/gcc4.1 -L/scinet/intel/2019u4/compilers_and_libraries_2019.4.243/linux/daal/lib/intel64_lin -L/scinet/intel/2019u4/compilers_and_libraries_2019.4.243/linux/tbb/lib/intel64_lin/gcc4.4 -L/gpfs/fs1/scinet/intel/2019u4/compilers_and_libraries_2019.4.243/linux/compiler/lib/intel64_lin -L/gpfs/fs1/scinet/niagara/software/2019b/core/bin/../lib/gcc/x86_64-pc-linux-gnu/7.4.0/ -L/gpfs/fs1/scinet/niagara/software/2019b/core/bin/../lib/gcc/ -L/gpfs/fs1/scinet/niagara/software/2019b/core/bin/../lib/gcc/x86_64-pc-linux-gnu/7.4.0/../../../../lib64 -L/gpfs/fs1/scinet/niagara/software/2019b/core/bin/../lib/gcc/x86_64-pc-linux-gnu/7.4.0/../../../../lib64/ -L/lib/../lib64 -L/lib/../lib64/ -L/usr/lib/../lib64 -L/usr/lib/../lib64/ -L/scinet/intel/2019u4/compilers_and_libraries_2019.4.243/linux/ipp/lib/intel64/ -L/scinet/intel/2019u4/compilers_and_libraries_2019.4.243/linux/compiler/lib/intel64_lin/ -L/scinet/intel/2019u4/compilers_and_libraries_2019.4.243/linux/mkl/lib/intel64_lin/ -L/scinet/intel/2019u4/compilers_and_libraries_2019.4.243/linux/tbb/lib/intel64/gcc4.1/ -L/scinet/intel/2019u4/compilers_and_libraries_2019.4.243/linux/daal/lib/intel64_lin/ -L/scinet/intel/2019u4/compilers_and_libraries_2019.4.243/linux/tbb/lib/intel64_lin/gcc4.4/ -L/gpfs/fs1/scinet/niagara/software/2019b/core/bin/../lib/gcc/x86_64-pc-linux-gnu/7.4.0/../../../ -L/lib64 -L/lib/ -L/usr/lib64 -L/usr/lib CMakeFiles/cmTC_e9bc4.dir/CMakeCXXCompilerABI.cpp.o -Bdynamic -Bstatic -limf -lsvml -lirng -Bdynamic -lstdc++ -lm -Bstatic -lipgo -ldecimal --as-needed -Bdynamic -lcilkrts --no-as-needed -lstdc++ -lgcc -lgcc_s -Bstatic -lirc -lsvml -Bdynamic -lc -lgcc -lgcc_s -Bstatic -lirc_s -Bdynamic -ldl -lc /gpfs/fs1/scinet/niagara/software/2019b/core/bin/../lib/gcc/x86_64-pc-linux-gnu/7.4.0/crtend.o /lib/../lib64/crtn.o
gmake[1]: Leaving directory `/gpfs/fs0/scratch/k/kazem/gnpower/Code/build/CMakeFiles/CMakeTmp'



Parsed CXX implicit include dir info from above output: rv=done
  found start of include info
  found start of implicit include info
    add: [/scinet/intel/2019u4/compilers_and_libraries_2019.4.243/linux/pstl/include]
    add: [/scinet/intel/2019u4/compilers_and_libraries_2019.4.243/linux/ipp/include]
    add: [/scinet/intel/2019u4/compilers_and_libraries_2019.4.243/linux/mkl/include]
    add: [/scinet/intel/2019u4/compilers_and_libraries_2019.4.243/linux/pstl/include]
    add: [/scinet/intel/2019u4/compilers_and_libraries_2019.4.243/linux/tbb/include]
    add: [/scinet/intel/2019u4/compilers_and_libraries_2019.4.243/linux/daal/include]
    add: [/gpfs/fs1/scinet/intel/2019u4/compilers_and_libraries_2019.4.243/linux/compiler/include/intel64]
    add: [/gpfs/fs1/scinet/intel/2019u4/compilers_and_libraries_2019.4.243/linux/compiler/include/icc]
    add: [/gpfs/fs1/scinet/intel/2019u4/compilers_and_libraries_2019.4.243/linux/compiler/include]
    add: [/gpfs/fs1/scinet/niagara/software/2019b/core/bin/../include/c++/7.4.0]
    add: [/gpfs/fs1/scinet/niagara/software/2019b/core/bin/../include/c++/7.4.0/x86_64-pc-linux-gnu]
    add: [/gpfs/fs1/scinet/niagara/software/2019b/core/bin/../include/c++/7.4.0/backward]
    add: [/usr/local/include]
    add: [/gpfs/fs1/scinet/niagara/software/2019b/core/bin/../lib/gcc/x86_64-pc-linux-gnu/7.4.0/include]
    add: [/gpfs/fs1/scinet/niagara/software/2019b/core/bin/../lib/gcc/x86_64-pc-linux-gnu/7.4.0/include-fixed]
    add: [/gpfs/fs1/scinet/niagara/software/2019b/core/bin/../include/]
    add: [/usr/include]
  end of search list found
  collapse include dir [/scinet/intel/2019u4/compilers_and_libraries_2019.4.243/linux/pstl/include] ==> [/scinet/intel/2019u4/compilers_and_libraries_2019.4.243/linux/pstl/include]
  collapse include dir [/scinet/intel/2019u4/compilers_and_libraries_2019.4.243/linux/ipp/include] ==> [/scinet/intel/2019u4/compilers_and_libraries_2019.4.243/linux/ipp/include]
  collapse include dir [/scinet/intel/2019u4/compilers_and_libraries_2019.4.243/linux/mkl/include] ==> [/scinet/intel/2019u4/compilers_and_libraries_2019.4.243/linux/mkl/include]
  collapse include dir [/scinet/intel/2019u4/compilers_and_libraries_2019.4.243/linux/pstl/include] ==> [/scinet/intel/2019u4/compilers_and_libraries_2019.4.243/linux/pstl/include]
  collapse include dir [/scinet/intel/2019u4/compilers_and_libraries_2019.4.243/linux/tbb/include] ==> [/scinet/intel/2019u4/compilers_and_libraries_2019.4.243/linux/tbb/include]
  collapse include dir [/scinet/intel/2019u4/compilers_and_libraries_2019.4.243/linux/daal/include] ==> [/scinet/intel/2019u4/compilers_and_libraries_2019.4.243/linux/daal/include]
  collapse include dir [/gpfs/fs1/scinet/intel/2019u4/compilers_and_libraries_2019.4.243/linux/compiler/include/intel64] ==> [/gpfs/fs1/scinet/intel/2019u4/compilers_and_libraries_2019.4.243/linux/compiler/include/intel64]
  collapse include dir [/gpfs/fs1/scinet/intel/2019u4/compilers_and_libraries_2019.4.243/linux/compiler/include/icc] ==> [/gpfs/fs1/scinet/intel/2019u4/compilers_and_libraries_2019.4.243/linux/compiler/include/icc]
  collapse include dir [/gpfs/fs1/scinet/intel/2019u4/compilers_and_libraries_2019.4.243/linux/compiler/include] ==> [/gpfs/fs1/scinet/intel/2019u4/compilers_and_libraries_2019.4.243/linux/compiler/include]
  collapse include dir [/gpfs/fs1/scinet/niagara/software/2019b/core/bin/../include/c++/7.4.0] ==> [/gpfs/fs1/scinet/niagara/software/2019b/core/include/c++/7.4.0]
  collapse include dir [/gpfs/fs1/scinet/niagara/software/2019b/core/bin/../include/c++/7.4.0/x86_64-pc-linux-gnu] ==> [/gpfs/fs1/scinet/niagara/software/2019b/core/include/c++/7.4.0/x86_64-pc-linux-gnu]
  collapse include dir [/gpfs/fs1/scinet/niagara/software/2019b/core/bin/../include/c++/7.4.0/backward] ==> [/gpfs/fs1/scinet/niagara/software/2019b/core/include/c++/7.4.0/backward]
  collapse include dir [/usr/local/include] ==> [/usr/local/include]
  collapse include dir [/gpfs/fs1/scinet/niagara/software/2019b/core/bin/../lib/gcc/x86_64-pc-linux-gnu/7.4.0/include] ==> [/gpfs/fs1/scinet/niagara/software/2019b/core/lib/gcc/x86_64-pc-linux-gnu/7.4.0/include]
  collapse include dir [/gpfs/fs1/scinet/niagara/software/2019b/core/bin/../lib/gcc/x86_64-pc-linux-gnu/7.4.0/include-fixed] ==> [/gpfs/fs1/scinet/niagara/software/2019b/core/lib/gcc/x86_64-pc-linux-gnu/7.4.0/include-fixed]
  collapse include dir [/gpfs/fs1/scinet/niagara/software/2019b/core/bin/../include/] ==> [/gpfs/fs1/scinet/niagara/software/2019b/core/include]
  collapse include dir [/usr/include] ==> [/usr/include]
  implicit include dirs: [/scinet/intel/2019u4/compilers_and_libraries_2019.4.243/linux/pstl/include;/scinet/intel/2019u4/compilers_and_libraries_2019.4.243/linux/ipp/include;/scinet/intel/2019u4/compilers_and_libraries_2019.4.243/linux/mkl/include;/scinet/intel/2019u4/compilers_and_libraries_2019.4.243/linux/tbb/include;/scinet/intel/2019u4/compilers_and_libraries_2019.4.243/linux/daal/include;/gpfs/fs1/scinet/intel/2019u4/compilers_and_libraries_2019.4.243/linux/compiler/include/intel64;/gpfs/fs1/scinet/intel/2019u4/compilers_and_libraries_2019.4.243/linux/compiler/include/icc;/gpfs/fs1/scinet/intel/2019u4/compilers_and_libraries_2019.4.243/linux/compiler/include;/gpfs/fs1/scinet/niagara/software/2019b/core/include/c++/7.4.0;/gpfs/fs1/scinet/niagara/software/2019b/core/include/c++/7.4.0/x86_64-pc-linux-gnu;/gpfs/fs1/scinet/niagara/software/2019b/core/include/c++/7.4.0/backward;/usr/local/include;/gpfs/fs1/scinet/niagara/software/2019b/core/lib/gcc/x86_64-pc-linux-gnu/7.4.0/include;/gpfs/fs1/scinet/niagara/software/2019b/core/lib/gcc/x86_64-pc-linux-gnu/7.4.0/include-fixed;/gpfs/fs1/scinet/niagara/software/2019b/core/include;/usr/include]


Parsed CXX implicit link information from above output:
  link line regex: [^( *|.*[/\])(ld|CMAKE_LINK_STARTFILE-NOTFOUND|([^/\]+-)?ld|collect2)[^/\]*( |$)]
  ignore line: [Change Dir: /gpfs/fs0/scratch/k/kazem/gnpower/Code/build/CMakeFiles/CMakeTmp]
  ignore line: []
  ignore line: [Run Build Command(s):/bin/gmake -f Makefile cmTC_e9bc4/fast && /bin/gmake  -f CMakeFiles/cmTC_e9bc4.dir/build.make CMakeFiles/cmTC_e9bc4.dir/build]
  ignore line: [gmake[1]: Entering directory `/gpfs/fs0/scratch/k/kazem/gnpower/Code/build/CMakeFiles/CMakeTmp']
  ignore line: [Building CXX object CMakeFiles/cmTC_e9bc4.dir/CMakeCXXCompilerABI.cpp.o]
  ignore line: [/scinet/intel/2019u4/compilers_and_libraries_2019.4.243/linux/bin/intel64/icpc   -v -MD -MT CMakeFiles/cmTC_e9bc4.dir/CMakeCXXCompilerABI.cpp.o -MF CMakeFiles/cmTC_e9bc4.dir/CMakeCXXCompilerABI.cpp.o.d -o CMakeFiles/cmTC_e9bc4.dir/CMakeCXXCompilerABI.cpp.o -c /gpfs/fs1/scinet/niagara/software/2019b/opt/base/cmake/3.21.4/share/cmake-3.21/Modules/CMakeCXXCompilerABI.cpp]
  ignore line: [__INTEL_PRE_CFLAGS options:  -gcc-name=core-gcc -gxx-name=core-g++]
  ignore line: [icpc version 19.0.4.243 (gcc version 7.4.0 compatibility)]
  ignore line: [/gpfs/fs1/scinet/intel/2019u4/compilers_and_libraries_2019.4.243/linux/bin/intel64/mcpcom    --target_efi2 --lang=c++ -oCMakeFiles/cmTC_e9bc4.dir/CMakeCXXCompilerABI.cpp.o -_g -mP3OPT_inline_alloca -D__ICC=1900 -D__INTEL_COMPILER=1900 -D__INTEL_COMPILER_UPDATE=4 -D__PTRDIFF_TYPE__=long "-D__SIZE_TYPE__=unsigned long" -D__WCHAR_TYPE__=int "-D__WINT_TYPE__=unsigned int" "-D__INTMAX_TYPE__=long int" "-D__UINTMAX_TYPE__=long unsigned int" -D__GLIBCXX_TYPE_INT_N_0=__int128 -D__GLIBCXX_BITSIZE_INT_N_0=128 -D__LONG_MAX__=9223372036854775807L -D__QMSPP_ -D__OPTIMIZE__ -D__NO_MATH_INLINES -D__NO_STRING_INLINES -D__GNUC_GNU_INLINE__ -D__GNUG__=7 -D__GNUC__=7 -D__GNUC_MINOR__=4 -D__GNUC_PATCHLEVEL__=0 -D__LP64__ -D_LP64 -D_GNU_SOURCE=1 -D__DEPRECATED=1 -D__GXX_WEAK__=1 -D__GXX_ABI_VERSION=1010 "-D__USER_LABEL_PREFIX__= " -D__REGISTER_PREFIX__= -D__INTEL_RTTI__ -D__EXCEPTIONS=1 -D__unix__ -D__unix -D__linux__ -D__linux -D__gnu_linux__ -B -Dunix -Dlinux "-_Asystem(unix)" -D__ELF__ -D__x86_64 -D__x86_64__ -D__amd64 -D__amd64__ "-_Acpu(x86_64)" "-_Amachine(x86_64)" -D__INTEL_COMPILER_BUILD_DATE=20190416 -D__INTEL_OFFLOAD -D__i686 -D__i686__ -D__pentiumpro -D__pentiumpro__ -D__tune_i686__ -D__tune_pentiumpro__ -D__pentium4 -D__pentium4__ -D__tune_pentium4__ -D__SSE2__ -D__SSE2_MATH__ -D__SSE__ -D__SSE_MATH__ -D__MMX__ -_k -_8 -_l --has_new_stdarg_support -_a -_b --gnu_version=70400 -_W5 --gcc-extern-inline -p --bool -tused -x --openmp_simd --dependency_file_name CMakeFiles/cmTC_e9bc4.dir/CMakeCXXCompilerABI.cpp.o.d --compile_dependencies --dependency_target_name CMakeFiles/cmTC_e9bc4.dir/CMakeCXXCompilerABI.cpp.o --multibyte_chars -mGLOB_diag_suppress_sys --system_preinclude /usr/include/stdc-predef.h -I/scinet/intel/2019u4/compilers_and_libraries_2019.4.243/linux/pstl/include -I/scinet/intel/2019u4/compilers_and_libraries_2019.4.243/linux/ipp/include -I/scinet/intel/2019u4/compilers_and_libraries_2019.4.243/linux/mkl/include -I/scinet/intel/2019u4/compilers_and_libraries_2019.4.243/linux/pstl/include -I/scinet/intel/2019u4/compilers_and_libraries_2019.4.243/linux/tbb/include -I/scinet/intel/2019u4/compilers_and_libraries_2019.4.243/linux/daal/include --array_section --simd --simd_func --offload_mode=1 --offload_target_names=mic MIC --offload_unique_string=icpc1663117193CEI09A --bool -mGLOB_em64t=TRUE -mP1OPT_version=19.0-intel64 -mGLOB_diag_file=CMakeFiles/cmTC_e9bc4.dir/CMakeCXXCompilerABI.cpp.diag -mGLOB_long_size_64 -mGLOB_routine_pointer_size_64 -mP1OPT_print_version=FALSE -mCG_use_gas_got_workaround=F -mP2OPT_align_option_used=TRUE -mGLOB_gcc_version=740 "-mGLOB_options_string=-gcc-name=core-gcc -gxx-name=core-g++ -v -MD -MT CMakeFiles/cmTC_e9bc4.dir/CMakeCXXCompilerABI.cpp.o -MF CMakeFiles/cmTC_e9bc4.dir/CMakeCXXCompilerABI.cpp.o.d -o CMakeFiles/cmTC_e9bc4.dir/CMakeCXXCompilerABI.cpp.o -c" -mGLOB_cxx_limited_range=FALSE -mCG_extend_parms=FALSE -mGLOB_compiler_bin_directory=/gpfs/fs1/scinet/intel/2019u4/compilers_and_libraries_2019.4.243/linux/bin/intel64 -mGLOB_as_output_backup_file_name=/tmp/icpcI7yUQeas_.s -mIPOPT_activate -mIPOPT_lite -mGLOB_uarch_tuning=0x0 -mGLOB_product_id_code=0x22006d90 -mCG_bnl_movbe=T -mGLOB_extended_instructions=0x8 -mP3OPT_use_mspp_call_convention -mP2OPT_subs_out_of_bound=FALSE -mP2OPT_disam_type_based_disam=2 -mP2OPT_disam_assume_ansi_c -mP2OPT_checked_disam_ansi_alias=TRUE -mGLOB_ansi_alias -mPGOPTI_value_profile_use=T -mP2OPT_il0_array_sections=TRUE -mGLOB_offload_mode=1 -mP2OPT_offload_unique_var_string=icpc1663117193CEI09A -mP2OPT_hlo_level=2 -mP2OPT_hlo -mP2OPT_hpo_rtt_control=0 -mIPOPT_args_in_regs=0 -mP2OPT_disam_assume_nonstd_intent_in=FALSE -mGLOB_imf_mapping_library=/gpfs/fs1/scinet/intel/2019u4/compilers_and_libraries_2019.4.243/linux/bin/intel64/libiml_attr.so -mPGOPTI_gen_threadsafe_level=0 -mIPOPT_lto_object_enabled -mIPOPT_lto_object_value=1 -mIPOPT_obj_output_file_name=CMakeFiles/cmTC_e9bc4.dir/CMakeCXXCompilerABI.cpp.o -mIPOPT_whole_archive_fixup_file_name=/tmp/icpcwarch0NXAZZ -mGLOB_linker_version=2.27 -mGLOB_linker=ld -mGLOB_driver_tempfile_name=/tmp/icpctempfile0KN2yS -mP3OPT_asm_target=P3OPT_ASM_TARGET_GAS -mGLOB_async_unwind_tables=TRUE -mGLOB_obj_output_file=CMakeFiles/cmTC_e9bc4.dir/CMakeCXXCompilerABI.cpp.o -mGLOB_source_dialect=GLOB_SOURCE_DIALECT_C_PLUS_PLUS -mP1OPT_source_file_name=/gpfs/fs1/scinet/niagara/software/2019b/opt/base/cmake/3.21.4/share/cmake-3.21/Modules/CMakeCXXCompilerABI.cpp -mP1OPT_full_source_file_name=/gpfs/fs1/scinet/niagara/software/2019b/opt/base/cmake/3.21.4/share/cmake-3.21/Modules/CMakeCXXCompilerABI.cpp -mGLOB_eh_linux /gpfs/fs1/scinet/niagara/software/2019b/opt/base/cmake/3.21.4/share/cmake-3.21/Modules/CMakeCXXCompilerABI.cpp]
  ignore line: [#include "..." search starts here:]
  ignore line: [#include <...> search starts here:]
  ignore line: [ /scinet/intel/2019u4/compilers_and_libraries_2019.4.243/linux/pstl/include]
  ignore line: [ /scinet/intel/2019u4/compilers_and_libraries_2019.4.243/linux/ipp/include]
  ignore line: [ /scinet/intel/2019u4/compilers_and_libraries_2019.4.243/linux/mkl/include]
  ignore line: [ /scinet/intel/2019u4/compilers_and_libraries_2019.4.243/linux/pstl/include]
  ignore line: [ /scinet/intel/2019u4/compilers_and_libraries_2019.4.243/linux/tbb/include]
  ignore line: [ /scinet/intel/2019u4/compilers_and_libraries_2019.4.243/linux/daal/include]
  ignore line: [ /gpfs/fs1/scinet/intel/2019u4/compilers_and_libraries_2019.4.243/linux/compiler/include/intel64]
  ignore line: [ /gpfs/fs1/scinet/intel/2019u4/compilers_and_libraries_2019.4.243/linux/compiler/include/icc]
  ignore line: [ /gpfs/fs1/scinet/intel/2019u4/compilers_and_libraries_2019.4.243/linux/compiler/include]
  ignore line: [ /gpfs/fs1/scinet/niagara/software/2019b/core/bin/../include/c++/7.4.0]
  ignore line: [ /gpfs/fs1/scinet/niagara/software/2019b/core/bin/../include/c++/7.4.0/x86_64-pc-linux-gnu]
  ignore line: [ /gpfs/fs1/scinet/niagara/software/2019b/core/bin/../include/c++/7.4.0/backward]
  ignore line: [ /usr/local/include]
  ignore line: [ /gpfs/fs1/scinet/niagara/software/2019b/core/bin/../lib/gcc/x86_64-pc-linux-gnu/7.4.0/include]
  ignore line: [ /gpfs/fs1/scinet/niagara/software/2019b/core/bin/../lib/gcc/x86_64-pc-linux-gnu/7.4.0/include-fixed]
  ignore line: [ /gpfs/fs1/scinet/niagara/software/2019b/core/bin/../include/]
  ignore line: [ /usr/include]
  ignore line: [End of search list.]
  ignore line: [Linking CXX executable cmTC_e9bc4]
  ignore line: [/gpfs/fs1/scinet/niagara/software/2019b/opt/base/cmake/3.21.4/bin/cmake -E cmake_link_script CMakeFiles/cmTC_e9bc4.dir/link.txt --verbose=1]
  ignore line: [/scinet/intel/2019u4/compilers_and_libraries_2019.4.243/linux/bin/intel64/icpc  -v CMakeFiles/cmTC_e9bc4.dir/CMakeCXXCompilerABI.cpp.o -o cmTC_e9bc4 ]
  ignore line: [__INTEL_PRE_CFLAGS options:  -gcc-name=core-gcc -gxx-name=core-g++]
  ignore line: [icpc version 19.0.4.243 (gcc version 7.4.0 compatibility)]
  ignore line: [/gpfs/fs1/scinet/intel/2019u4/compilers_and_libraries_2019.4.243/linux/bin/intel64/mcpcom    -mGLOB_em64t=TRUE -mP1OPT_version=19.0-intel64 -mGLOB_diag_file=CMakeFiles/cmTC_e9bc4.dir/CMakeCXXCompilerABI.cpp.diag -mGLOB_long_size_64 -mGLOB_routine_pointer_size_64 -mP1OPT_print_version=FALSE -mCG_use_gas_got_workaround=F -mP2OPT_align_option_used=TRUE -mGLOB_gcc_version=740 "-mGLOB_options_string=-gcc-name=core-gcc -gxx-name=core-g++ -v -o cmTC_e9bc4" -mGLOB_cxx_limited_range=FALSE -mCG_extend_parms=FALSE -mGLOB_compiler_bin_directory=/gpfs/fs1/scinet/intel/2019u4/compilers_and_libraries_2019.4.243/linux/bin/intel64 -mGLOB_as_output_backup_file_name=/tmp/icpcYbXioHas_.s -mGLOB_dashboard_use_source_name -mIPOPT_activate -mGLOB_product_id_code=0x22006d90 -mP3OPT_use_mspp_call_convention -mP2OPT_subs_out_of_bound=FALSE -mP2OPT_disam_type_based_disam=2 -mP2OPT_disam_assume_ansi_c -mP2OPT_checked_disam_ansi_alias=TRUE -mGLOB_ansi_alias -mPGOPTI_value_profile_use=T -mGLOB_opt_report_use_source_name -mP2OPT_il0_array_sections=TRUE -mGLOB_offload_mode=1 -mP2OPT_offload_unique_var_string=icpc2051757823ACIH0G -mP2OPT_hlo -mP2OPT_hpo_rtt_control=0 -mIPOPT_args_in_regs=0 -mP2OPT_disam_assume_nonstd_intent_in=FALSE -mGLOB_imf_mapping_library=/gpfs/fs1/scinet/intel/2019u4/compilers_and_libraries_2019.4.243/linux/bin/intel64/libiml_attr.so -mPGOPTI_gen_threadsafe_level=0 -mIPOPT_link -mIPOPT_ipo_activate -mIPOPT_mo_activate -mIPOPT_source_files_list=/tmp/icpcslisIYGHVV -mIPOPT_mo_global_data -mIPOPT_link_script_file=/tmp/icpcscriptkul1EO "-mIPOPT_cmdline_link="/lib/../lib64/crt1.o" "/lib/../lib64/crti.o" "/gpfs/fs1/scinet/niagara/software/2019b/core/bin/../lib/gcc/x86_64-pc-linux-gnu/7.4.0/crtbegin.o" "--eh-frame-hdr" "--build-id" "-dynamic-linker" "/lib64/ld-linux-x86-64.so.2" "-m" "elf_x86_64" "-o" "cmTC_e9bc4" "-L/scinet/intel/2019u4/compilers_and_libraries_2019.4.243/linux/ipp/lib/intel64" "-L/scinet/intel/2019u4/compilers_and_libraries_2019.4.243/linux/compiler/lib/intel64_lin" "-L/scinet/intel/2019u4/compilers_and_libraries_2019.4.243/linux/mkl/lib/intel64_lin" "-L/scinet/intel/2019u4/compilers_and_libraries_2019.4.243/linux/tbb/lib/intel64/gcc4.1" "-L/scinet/intel/2019u4/compilers_and_libraries_2019.4.243/linux/daal/lib/intel64_lin" "-L/scinet/intel/2019u4/compilers_and_libraries_2019.4.243/linux/tbb/lib/intel64_lin/gcc4.4" "-L/gpfs/fs1/scinet/intel/2019u4/compilers_and_libraries_2019.4.243/linux/compiler/lib/intel64_lin" "-L/gpfs/fs1/scinet/niagara/software/2019b/core/bin/../lib/gcc/x86_64-pc-linux-gnu/7.4.0/" "-L/gpfs/fs1/scinet/niagara/software/2019b/core/bin/../lib/gcc/" "-L/gpfs/fs1/scinet/niagara/software/2019b/core/bin/../lib/gcc/x86_64-pc-linux-gnu/7.4.0/../../../../lib64" "-L/gpfs/fs1/scinet/niagara/software/2019b/core/bin/../lib/gcc/x86_64-pc-linux-gnu/7.4.0/../../../../lib64/" "-L/lib/../lib64" "-L/lib/../lib64/" "-L/usr/lib/../lib64" "-L/usr/lib/../lib64/" "-L/scinet/intel/2019u4/compilers_and_libraries_2019.4.243/linux/ipp/lib/intel64/" "-L/scinet/intel/2019u4/compilers_and_libraries_2019.4.243/linux/compiler/lib/intel64_lin/" "-L/scinet/intel/2019u4/compilers_and_libraries_2019.4.243/linux/mkl/lib/intel64_lin/" "-L/scinet/intel/2019u4/compilers_and_libraries_2019.4.243/linux/tbb/lib/intel64/gcc4.1/" "-L/scinet/intel/2019u4/compilers_and_libraries_2019.4.243/linux/daal/lib/intel64_lin/" "-L/scinet/intel/2019u4/compilers_and_libraries_2019.4.243/linux/tbb/lib/intel64_lin/gcc4.4/" "-L/gpfs/fs1/scinet/niagara/software/2019b/core/bin/../lib/gcc/x86_64-pc-linux-gnu/7.4.0/../../../" "-L/lib64" "-L/lib/" "-L/usr/lib64" "-L/usr/lib" "CMakeFiles/cmTC_e9bc4.dir/CMakeCXXCompilerABI.cpp.o" "-Bdynamic" "-Bstatic" "-limf" "-lsvml" "-lirng" "-Bdynamic" "-lstdc++" "-lm" "-Bstatic" "-lipgo" "-ldecimal" "--as-needed" "-Bdynamic" "-lcilkrts" "--no-as-needed" "-lstdc++" "-lgcc" "-lgcc_s" "-Bstatic" "-lirc" "-lsvml" "-Bdynamic" "-lc" "-lgcc" "-lgcc_s" "-Bstatic" "-lirc_s" "-Bdynamic" "-ldl" "-lc" "/gpfs/fs1/scinet/niagara/software/2019b/core/bin/../lib/gcc/x86_64-pc-linux-gnu/7.4.0/crtend.o" "/lib/../lib64/crtn.o"" -mIPOPT_il_in_obj -mIPOPT_ipo_activate_warn=FALSE -mIPOPT_obj_output_file_name=/tmp/ipo_icpcYbJOxD.o -mIPOPT_whole_archive_fixup_file_name=/tmp/icpcwarchuFQkRs -mGLOB_linker_version=2.27 -mGLOB_linker=ld -mGLOB_driver_tempfile_name=/tmp/icpctempfileEqM2Al -mP3OPT_asm_target=P3OPT_ASM_TARGET_GAS -mGLOB_async_unwind_tables=TRUE -mGLOB_obj_output_file=/tmp/ipo_icpcYbJOxD.o -mGLOB_source_dialect=GLOB_SOURCE_DIALECT_NONE -mP1OPT_source_file_name=ipo_out.c CMakeFiles/cmTC_e9bc4.dir/CMakeCXXCompilerABI.cpp.o -mIPOPT_object_files=T -mIPOPT_assembly_files=/tmp/icpcalis8Vvr0o -mIPOPT_generated_tempfiles=/tmp/icpcelise9YKJh -mIPOPT_embedded_object_base_name=/tmp/icpceobjwHv4sa -mIPOPT_cmdline_link_new_name=/tmp/icpcllis0Y4nc3]
  link line: [ld    /lib/../lib64/crt1.o /lib/../lib64/crti.o /gpfs/fs1/scinet/niagara/software/2019b/core/bin/../lib/gcc/x86_64-pc-linux-gnu/7.4.0/crtbegin.o --eh-frame-hdr --build-id -dynamic-linker /lib64/ld-linux-x86-64.so.2 -m elf_x86_64 -o cmTC_e9bc4 -L/scinet/intel/2019u4/compilers_and_libraries_2019.4.243/linux/ipp/lib/intel64 -L/scinet/intel/2019u4/compilers_and_libraries_2019.4.243/linux/compiler/lib/intel64_lin -L/scinet/intel/2019u4/compilers_and_libraries_2019.4.243/linux/mkl/lib/intel64_lin -L/scinet/intel/2019u4/compilers_and_libraries_2019.4.243/linux/tbb/lib/intel64/gcc4.1 -L/scinet/intel/2019u4/compilers_and_libraries_2019.4.243/linux/daal/lib/intel64_lin -L/scinet/intel/2019u4/compilers_and_libraries_2019.4.243/linux/tbb/lib/intel64_lin/gcc4.4 -L/gpfs/fs1/scinet/intel/2019u4/compilers_and_libraries_2019.4.243/linux/compiler/lib/intel64_lin -L/gpfs/fs1/scinet/niagara/software/2019b/core/bin/../lib/gcc/x86_64-pc-linux-gnu/7.4.0/ -L/gpfs/fs1/scinet/niagara/software/2019b/core/bin/../lib/gcc/ -L/gpfs/fs1/scinet/niagara/software/2019b/core/bin/../lib/gcc/x86_64-pc-linux-gnu/7.4.0/../../../../lib64 -L/gpfs/fs1/scinet/niagara/software/2019b/core/bin/../lib/gcc/x86_64-pc-linux-gnu/7.4.0/../../../../lib64/ -L/lib/../lib64 -L/lib/../lib64/ -L/usr/lib/../lib64 -L/usr/lib/../lib64/ -L/scinet/intel/2019u4/compilers_and_libraries_2019.4.243/linux/ipp/lib/intel64/ -L/scinet/intel/2019u4/compilers_and_libraries_2019.4.243/linux/compiler/lib/intel64_lin/ -L/scinet/intel/2019u4/compilers_and_libraries_2019.4.243/linux/mkl/lib/intel64_lin/ -L/scinet/intel/2019u4/compilers_and_libraries_2019.4.243/linux/tbb/lib/intel64/gcc4.1/ -L/scinet/intel/2019u4/compilers_and_libraries_2019.4.243/linux/daal/lib/intel64_lin/ -L/scinet/intel/2019u4/compilers_and_libraries_2019.4.243/linux/tbb/lib/intel64_lin/gcc4.4/ -L/gpfs/fs1/scinet/niagara/software/2019b/core/bin/../lib/gcc/x86_64-pc-linux-gnu/7.4.0/../../../ -L/lib64 -L/lib/ -L/usr/lib64 -L/usr/lib CMakeFiles/cmTC_e9bc4.dir/CMakeCXXCompilerABI.cpp.o -Bdynamic -Bstatic -limf -lsvml -lirng -Bdynamic -lstdc++ -lm -Bstatic -lipgo -ldecimal --as-needed -Bdynamic -lcilkrts --no-as-needed -lstdc++ -lgcc -lgcc_s -Bstatic -lirc -lsvml -Bdynamic -lc -lgcc -lgcc_s -Bstatic -lirc_s -Bdynamic -ldl -lc /gpfs/fs1/scinet/niagara/software/2019b/core/bin/../lib/gcc/x86_64-pc-linux-gnu/7.4.0/crtend.o /lib/../lib64/crtn.o]
    arg [ld] ==> ignore
    arg [/lib/../lib64/crt1.o] ==> obj [/lib/../lib64/crt1.o]
    arg [/lib/../lib64/crti.o] ==> obj [/lib/../lib64/crti.o]
    arg [/gpfs/fs1/scinet/niagara/software/2019b/core/bin/../lib/gcc/x86_64-pc-linux-gnu/7.4.0/crtbegin.o] ==> obj [/gpfs/fs1/scinet/niagara/software/2019b/core/bin/../lib/gcc/x86_64-pc-linux-gnu/7.4.0/crtbegin.o]
    arg [--eh-frame-hdr] ==> ignore
    arg [--build-id] ==> ignore
    arg [-dynamic-linker] ==> ignore
    arg [/lib64/ld-linux-x86-64.so.2] ==> ignore
    arg [-m] ==> ignore
    arg [elf_x86_64] ==> ignore
    arg [-o] ==> ignore
    arg [cmTC_e9bc4] ==> ignore
    arg [-L/scinet/intel/2019u4/compilers_and_libraries_2019.4.243/linux/ipp/lib/intel64] ==> dir [/scinet/intel/2019u4/compilers_and_libraries_2019.4.243/linux/ipp/lib/intel64]
    arg [-L/scinet/intel/2019u4/compilers_and_libraries_2019.4.243/linux/compiler/lib/intel64_lin] ==> dir [/scinet/intel/2019u4/compilers_and_libraries_2019.4.243/linux/compiler/lib/intel64_lin]
    arg [-L/scinet/intel/2019u4/compilers_and_libraries_2019.4.243/linux/mkl/lib/intel64_lin] ==> dir [/scinet/intel/2019u4/compilers_and_libraries_2019.4.243/linux/mkl/lib/intel64_lin]
    arg [-L/scinet/intel/2019u4/compilers_and_libraries_2019.4.243/linux/tbb/lib/intel64/gcc4.1] ==> dir [/scinet/intel/2019u4/compilers_and_libraries_2019.4.243/linux/tbb/lib/intel64/gcc4.1]
    arg [-L/scinet/intel/2019u4/compilers_and_libraries_2019.4.243/linux/daal/lib/intel64_lin] ==> dir [/scinet/intel/2019u4/compilers_and_libraries_2019.4.243/linux/daal/lib/intel64_lin]
    arg [-L/scinet/intel/2019u4/compilers_and_libraries_2019.4.243/linux/tbb/lib/intel64_lin/gcc4.4] ==> dir [/scinet/intel/2019u4/compilers_and_libraries_2019.4.243/linux/tbb/lib/intel64_lin/gcc4.4]
    arg [-L/gpfs/fs1/scinet/intel/2019u4/compilers_and_libraries_2019.4.243/linux/compiler/lib/intel64_lin] ==> dir [/gpfs/fs1/scinet/intel/2019u4/compilers_and_libraries_2019.4.243/linux/compiler/lib/intel64_lin]
    arg [-L/gpfs/fs1/scinet/niagara/software/2019b/core/bin/../lib/gcc/x86_64-pc-linux-gnu/7.4.0/] ==> dir [/gpfs/fs1/scinet/niagara/software/2019b/core/bin/../lib/gcc/x86_64-pc-linux-gnu/7.4.0/]
    arg [-L/gpfs/fs1/scinet/niagara/software/2019b/core/bin/../lib/gcc/] ==> dir [/gpfs/fs1/scinet/niagara/software/2019b/core/bin/../lib/gcc/]
    arg [-L/gpfs/fs1/scinet/niagara/software/2019b/core/bin/../lib/gcc/x86_64-pc-linux-gnu/7.4.0/../../../../lib64] ==> dir [/gpfs/fs1/scinet/niagara/software/2019b/core/bin/../lib/gcc/x86_64-pc-linux-gnu/7.4.0/../../../../lib64]
    arg [-L/gpfs/fs1/scinet/niagara/software/2019b/core/bin/../lib/gcc/x86_64-pc-linux-gnu/7.4.0/../../../../lib64/] ==> dir [/gpfs/fs1/scinet/niagara/software/2019b/core/bin/../lib/gcc/x86_64-pc-linux-gnu/7.4.0/../../../../lib64/]
    arg [-L/lib/../lib64] ==> dir [/lib/../lib64]
    arg [-L/lib/../lib64/] ==> dir [/lib/../lib64/]
    arg [-L/usr/lib/../lib64] ==> dir [/usr/lib/../lib64]
    arg [-L/usr/lib/../lib64/] ==> dir [/usr/lib/../lib64/]
    arg [-L/scinet/intel/2019u4/compilers_and_libraries_2019.4.243/linux/ipp/lib/intel64/] ==> dir [/scinet/intel/2019u4/compilers_and_libraries_2019.4.243/linux/ipp/lib/intel64/]
    arg [-L/scinet/intel/2019u4/compilers_and_libraries_2019.4.243/linux/compiler/lib/intel64_lin/] ==> dir [/scinet/intel/2019u4/compilers_and_libraries_2019.4.243/linux/compiler/lib/intel64_lin/]
    arg [-L/scinet/intel/2019u4/compilers_and_libraries_2019.4.243/linux/mkl/lib/intel64_lin/] ==> dir [/scinet/intel/2019u4/compilers_and_libraries_2019.4.243/linux/mkl/lib/intel64_lin/]
    arg [-L/scinet/intel/2019u4/compilers_and_libraries_2019.4.243/linux/tbb/lib/intel64/gcc4.1/] ==> dir [/scinet/intel/2019u4/compilers_and_libraries_2019.4.243/linux/tbb/lib/intel64/gcc4.1/]
    arg [-L/scinet/intel/2019u4/compilers_and_libraries_2019.4.243/linux/daal/lib/intel64_lin/] ==> dir [/scinet/intel/2019u4/compilers_and_libraries_2019.4.243/linux/daal/lib/intel64_lin/]
    arg [-L/scinet/intel/2019u4/compilers_and_libraries_2019.4.243/linux/tbb/lib/intel64_lin/gcc4.4/] ==> dir [/scinet/intel/2019u4/compilers_and_libraries_2019.4.243/linux/tbb/lib/intel64_lin/gcc4.4/]
    arg [-L/gpfs/fs1/scinet/niagara/software/2019b/core/bin/../lib/gcc/x86_64-pc-linux-gnu/7.4.0/../../../] ==> dir [/gpfs/fs1/scinet/niagara/software/2019b/core/bin/../lib/gcc/x86_64-pc-linux-gnu/7.4.0/../../../]
    arg [-L/lib64] ==> dir [/lib64]
    arg [-L/lib/] ==> dir [/lib/]
    arg [-L/usr/lib64] ==> dir [/usr/lib64]
    arg [-L/usr/lib] ==> dir [/usr/lib]
    arg [CMakeFiles/cmTC_e9bc4.dir/CMakeCXXCompilerABI.cpp.o] ==> ignore
    arg [-Bdynamic] ==> search dynamic
    arg [-Bstatic] ==> search static
    arg [-limf] ==> lib [imf]
    arg [-lsvml] ==> lib [svml]
    arg [-lirng] ==> lib [irng]
    arg [-Bdynamic] ==> search dynamic
    arg [-lstdc++] ==> lib [stdc++]
    arg [-lm] ==> lib [m]
    arg [-Bstatic] ==> search static
    arg [-lipgo] ==> lib [ipgo]
    arg [-ldecimal] ==> lib [decimal]
    arg [--as-needed] ==> ignore
    arg [-Bdynamic] ==> search dynamic
    arg [-lcilkrts] ==> lib [cilkrts]
    arg [--no-as-needed] ==> ignore
    arg [-lstdc++] ==> lib [stdc++]
    arg [-lgcc] ==> lib [gcc]
    arg [-lgcc_s] ==> lib [gcc_s]
    arg [-Bstatic] ==> search static
    arg [-lirc] ==> lib [irc]
    arg [-lsvml] ==> lib [svml]
    arg [-Bdynamic] ==> search dynamic
    arg [-lc] ==> lib [c]
    arg [-lgcc] ==> lib [gcc]
    arg [-lgcc_s] ==> lib [gcc_s]
    arg [-Bstatic] ==> search static
    arg [-lirc_s] ==> lib [irc_s]
    arg [-Bdynamic] ==> search dynamic
    arg [-ldl] ==> lib [dl]
    arg [-lc] ==> lib [c]
    arg [/gpfs/fs1/scinet/niagara/software/2019b/core/bin/../lib/gcc/x86_64-pc-linux-gnu/7.4.0/crtend.o] ==> obj [/gpfs/fs1/scinet/niagara/software/2019b/core/bin/../lib/gcc/x86_64-pc-linux-gnu/7.4.0/crtend.o]
    arg [/lib/../lib64/crtn.o] ==> obj [/lib/../lib64/crtn.o]
  collapse obj [/lib/../lib64/crt1.o] ==> [/lib64/crt1.o]
  collapse obj [/lib/../lib64/crti.o] ==> [/lib64/crti.o]
  collapse obj [/gpfs/fs1/scinet/niagara/software/2019b/core/bin/../lib/gcc/x86_64-pc-linux-gnu/7.4.0/crtbegin.o] ==> [/gpfs/fs1/scinet/niagara/software/2019b/core/lib/gcc/x86_64-pc-linux-gnu/7.4.0/crtbegin.o]
  collapse obj [/gpfs/fs1/scinet/niagara/software/2019b/core/bin/../lib/gcc/x86_64-pc-linux-gnu/7.4.0/crtend.o] ==> [/gpfs/fs1/scinet/niagara/software/2019b/core/lib/gcc/x86_64-pc-linux-gnu/7.4.0/crtend.o]
  collapse obj [/lib/../lib64/crtn.o] ==> [/lib64/crtn.o]
  collapse library dir [/scinet/intel/2019u4/compilers_and_libraries_2019.4.243/linux/ipp/lib/intel64] ==> [/scinet/intel/2019u4/compilers_and_libraries_2019.4.243/linux/ipp/lib/intel64]
  collapse library dir [/scinet/intel/2019u4/compilers_and_libraries_2019.4.243/linux/compiler/lib/intel64_lin] ==> [/scinet/intel/2019u4/compilers_and_libraries_2019.4.243/linux/compiler/lib/intel64_lin]
  collapse library dir [/scinet/intel/2019u4/compilers_and_libraries_2019.4.243/linux/mkl/lib/intel64_lin] ==> [/scinet/intel/2019u4/compilers_and_libraries_2019.4.243/linux/mkl/lib/intel64_lin]
  collapse library dir [/scinet/intel/2019u4/compilers_and_libraries_2019.4.243/linux/tbb/lib/intel64/gcc4.1] ==> [/scinet/intel/2019u4/compilers_and_libraries_2019.4.243/linux/tbb/lib/intel64/gcc4.1]
  collapse library dir [/scinet/intel/2019u4/compilers_and_libraries_2019.4.243/linux/daal/lib/intel64_lin] ==> [/scinet/intel/2019u4/compilers_and_libraries_2019.4.243/linux/daal/lib/intel64_lin]
  collapse library dir [/scinet/intel/2019u4/compilers_and_libraries_2019.4.243/linux/tbb/lib/intel64_lin/gcc4.4] ==> [/scinet/intel/2019u4/compilers_and_libraries_2019.4.243/linux/tbb/lib/intel64_lin/gcc4.4]
  collapse library dir [/gpfs/fs1/scinet/intel/2019u4/compilers_and_libraries_2019.4.243/linux/compiler/lib/intel64_lin] ==> [/gpfs/fs1/scinet/intel/2019u4/compilers_and_libraries_2019.4.243/linux/compiler/lib/intel64_lin]
  collapse library dir [/gpfs/fs1/scinet/niagara/software/2019b/core/bin/../lib/gcc/x86_64-pc-linux-gnu/7.4.0/] ==> [/gpfs/fs1/scinet/niagara/software/2019b/core/lib/gcc/x86_64-pc-linux-gnu/7.4.0]
  collapse library dir [/gpfs/fs1/scinet/niagara/software/2019b/core/bin/../lib/gcc/] ==> [/gpfs/fs1/scinet/niagara/software/2019b/core/lib/gcc]
  collapse library dir [/gpfs/fs1/scinet/niagara/software/2019b/core/bin/../lib/gcc/x86_64-pc-linux-gnu/7.4.0/../../../../lib64] ==> [/gpfs/fs1/scinet/niagara/software/2019b/core/lib64]
  collapse library dir [/gpfs/fs1/scinet/niagara/software/2019b/core/bin/../lib/gcc/x86_64-pc-linux-gnu/7.4.0/../../../../lib64/] ==> [/gpfs/fs1/scinet/niagara/software/2019b/core/lib64]
  collapse library dir [/lib/../lib64] ==> [/lib64]
  collapse library dir [/lib/../lib64/] ==> [/lib64]
  collapse library dir [/usr/lib/../lib64] ==> [/usr/lib64]
  collapse library dir [/usr/lib/../lib64/] ==> [/usr/lib64]
  collapse library dir [/scinet/intel/2019u4/compilers_and_libraries_2019.4.243/linux/ipp/lib/intel64/] ==> [/scinet/intel/2019u4/compilers_and_libraries_2019.4.243/linux/ipp/lib/intel64]
  collapse library dir [/scinet/intel/2019u4/compilers_and_libraries_2019.4.243/linux/compiler/lib/intel64_lin/] ==> [/scinet/intel/2019u4/compilers_and_libraries_2019.4.243/linux/compiler/lib/intel64_lin]
  collapse library dir [/scinet/intel/2019u4/compilers_and_libraries_2019.4.243/linux/mkl/lib/intel64_lin/] ==> [/scinet/intel/2019u4/compilers_and_libraries_2019.4.243/linux/mkl/lib/intel64_lin]
  collapse library dir [/scinet/intel/2019u4/compilers_and_libraries_2019.4.243/linux/tbb/lib/intel64/gcc4.1/] ==> [/scinet/intel/2019u4/compilers_and_libraries_2019.4.243/linux/tbb/lib/intel64/gcc4.1]
  collapse library dir [/scinet/intel/2019u4/compilers_and_libraries_2019.4.243/linux/daal/lib/intel64_lin/] ==> [/scinet/intel/2019u4/compilers_and_libraries_2019.4.243/linux/daal/lib/intel64_lin]
  collapse library dir [/scinet/intel/2019u4/compilers_and_libraries_2019.4.243/linux/tbb/lib/intel64_lin/gcc4.4/] ==> [/scinet/intel/2019u4/compilers_and_libraries_2019.4.243/linux/tbb/lib/intel64_lin/gcc4.4]
  collapse library dir [/gpfs/fs1/scinet/niagara/software/2019b/core/bin/../lib/gcc/x86_64-pc-linux-gnu/7.4.0/../../../] ==> [/gpfs/fs1/scinet/niagara/software/2019b/core/lib]
  collapse library dir [/lib64] ==> [/lib64]
  collapse library dir [/lib/] ==> [/lib]
  collapse library dir [/usr/lib64] ==> [/usr/lib64]
  collapse library dir [/usr/lib] ==> [/usr/lib]
  implicit libs: [imf;svml;irng;stdc++;m;ipgo;decimal;cilkrts;stdc++;gcc;gcc_s;irc;svml;c;gcc;gcc_s;irc_s;dl;c]
  implicit objs: [/lib64/crt1.o;/lib64/crti.o;/gpfs/fs1/scinet/niagara/software/2019b/core/lib/gcc/x86_64-pc-linux-gnu/7.4.0/crtbegin.o;/gpfs/fs1/scinet/niagara/software/2019b/core/lib/gcc/x86_64-pc-linux-gnu/7.4.0/crtend.o;/lib64/crtn.o]
  implicit dirs: [/scinet/intel/2019u4/compilers_and_libraries_2019.4.243/linux/ipp/lib/intel64;/scinet/intel/2019u4/compilers_and_libraries_2019.4.243/linux/compiler/lib/intel64_lin;/scinet/intel/2019u4/compilers_and_libraries_2019.4.243/linux/mkl/lib/intel64_lin;/scinet/intel/2019u4/compilers_and_libraries_2019.4.243/linux/tbb/lib/intel64/gcc4.1;/scinet/intel/2019u4/compilers_and_libraries_2019.4.243/linux/daal/lib/intel64_lin;/scinet/intel/2019u4/compilers_and_libraries_2019.4.243/linux/tbb/lib/intel64_lin/gcc4.4;/gpfs/fs1/scinet/intel/2019u4/compilers_and_libraries_2019.4.243/linux/compiler/lib/intel64_lin;/gpfs/fs1/scinet/niagara/software/2019b/core/lib/gcc/x86_64-pc-linux-gnu/7.4.0;/gpfs/fs1/scinet/niagara/software/2019b/core/lib/gcc;/gpfs/fs1/scinet/niagara/software/2019b/core/lib64;/lib64;/usr/lib64;/gpfs/fs1/scinet/niagara/software/2019b/core/lib;/lib;/usr/lib]
  implicit fwks: []


