WARNING: The directory '/gpfs/fs1/home/k/kazem/gnpower/.cache/pip' or its parent directory is not owned or is not writable by the current user. The cache has been disabled. Check the permissions and owner of that directory. If executing pip with sudo, you should use sudo's -H flag.
Defaulting to user installation because normal site-packages is not writeable
Requirement already satisfied: matplotlib in /scinet/niagara/software/2019b/opt/base/python/3.11.5/lib/python3.11/site-packages (3.7.3)
Requirement already satisfied: contourpy>=1.0.1 in /scinet/niagara/software/2019b/opt/base/python/3.11.5/lib/python3.11/site-packages (from matplotlib) (1.1.0)
Requirement already satisfied: cycler>=0.10 in /scinet/niagara/software/2019b/opt/base/python/3.11.5/lib/python3.11/site-packages (from matplotlib) (0.11.0)
Requirement already satisfied: fonttools>=4.22.0 in /scinet/niagara/software/2019b/opt/base/python/3.11.5/lib/python3.11/site-packages (from matplotlib) (4.42.1)
Requirement already satisfied: kiwisolver>=1.0.1 in /scinet/niagara/software/2019b/opt/base/python/3.11.5/lib/python3.11/site-packages (from matplotlib) (1.4.5)
Requirement already satisfied: numpy<2,>=1.20 in /scinet/niagara/software/2019b/opt/base/python/3.11.5/lib/python3.11/site-packages (from matplotlib) (1.25.2)
Requirement already satisfied: packaging>=20.0 in /scinet/niagara/software/2019b/opt/base/python/3.11.5/lib/python3.11/site-packages (from matplotlib) (23.1)
Requirement already satisfied: pillow>=6.2.0 in /scinet/niagara/software/2019b/opt/base/python/3.11.5/lib/python3.11/site-packages (from matplotlib) (10.0.0)
Requirement already satisfied: pyparsing>=2.3.1 in /scinet/niagara/software/2019b/opt/base/python/3.11.5/lib/python3.11/site-packages (from matplotlib) (3.1.1)
Requirement already satisfied: python-dateutil>=2.7 in /scinet/niagara/software/2019b/opt/base/python/3.11.5/lib/python3.11/site-packages (from matplotlib) (2.8.2)
Requirement already satisfied: six>=1.5 in /scinet/niagara/software/2019b/opt/base/python/3.11.5/lib/python3.11/site-packages (from python-dateutil>=2.7->matplotlib) (1.16.0)
-- The C compiler identification is Intel 19.0.4.20190416
-- The CXX compiler identification is Intel 19.0.4.20190416
-- Detecting C compiler ABI info
-- Detecting C compiler ABI info - done
-- Check for working C compiler: /scinet/intel/2019u4/compilers_and_libraries_2019.4.243/linux/bin/intel64/icc - skipped
-- Detecting C compile features
-- Detecting C compile features - done
-- Detecting CXX compiler ABI info
-- Detecting CXX compiler ABI info - done
-- Check for working CXX compiler: /scinet/intel/2019u4/compilers_and_libraries_2019.4.243/linux/bin/intel64/icpc - skipped
-- Detecting CXX compile features
-- Detecting CXX compile features - done
-- Configuring done
-- Generating done
-- Build files have been written to: /gpfs/fs0/scratch/k/kazem/gnpower/Code/build
[ 50%] Building CXX object CMakeFiles/plotgen.dir/generateAllPlotData.cpp.o
[100%] Linking CXX executable plotgen
[100%] Built target plotgen
Running C Code:


Running 200 Dataset Tests
0
.1
.2
.3
.4
.5
.6
.7
.8
.9
.10
.11
.12
.13
.14
.15
.16
.17
.18
.19
.20
.21
.22
.23
.24
.25
.26
.27
.28
.29
.30
.31
.32
.33
.34
.35
.36
.37
.38
.39
.40
.41
.42
.43
.44
.45
.46
.47
.48
.49
.50
.51
.52
.53
.54
.55
.56
.57
.58
.59
.60
.61
.62
.63
.64
.65
.66
.67
.68
.69
.70
.71
.72
.73
.74
.75
.76
.77
.78
.79
.80
.81
.82
.83
.84
.85
.86
.87
.88
.89
.90
.91
.92
.93
.94
.95
.96
.97
.98
.99
.100
.101
.102
.103
.104
.105
.106
.107
.108
.109
.110
.111
.112
.113
.114
.115
.116
.117
.118
.119
.120
.121
.122
.123
.124
.125
.126
.127
.128
.129
.130
.131
.132
.133
.134
.135
.136
.137
.138
.139
.140
.141
.142
.143
.144
.145
.146
.147
.148
.149
.150
.151
.152
.153
.154
.155
.156
.157
.158
.159
.160
.161
.162
.163
.164
.165
.166
.167
.168
.169
.170
.171
.172
.173
.174
.175
.176
.177
.178
.179
.180
.181
.182
.183
.184
.185
.186
.187
.188
.189
.190
.191
.192
.193
.194
.195
.196
.197
.198
.199
.
Test Run Complete!
The dataset you tested has 40 classes
The training set is of size 40, and the test set is of size 200.
The time series are of length 101
42 of 200 classifications were correct
The error rate was 0.79
Running 200 Dataset Tests
0
.1
.2
.3
.4
.5
.6
.7
.8
.9
.10
.11
.12
.13
.14
.15
.16
.17
.18
.19
.20
.21
.22
.23
.24
.25
.26
.27
.28
.29
.30
.31
.32
.33
.34
.35
.36
.37
.38
.39
.40
.41
.42
.43
.44
.45
.46
.47
.48
.49
.50
.51
.52
.53
.54
.55
.56
.57
.58
.59
.60
.61
.62
.63
.64
.65
.66
.67
.68
.69
.70
.71
.72
.73
.74
.75
.76
.77
.78
.79
.80
.81
.82
.83
.84
.85
.86
.87
.88
.89
.90
.91
.92
.93
.94
.95
.96
.97
.98
.99
.100
.101
.102
.103
.104
.105
.106
.107
.108
.109
.110
.111
.112
.113
.114
.115
.116
.117
.118
.119
.120
.121
.122
.123
.124
.125
.126
.127
.128
.129
.130
.131
.132
.133
.134
.135
.136
.137
.138
.139
.140
.141
.142
.143
.144
.145
.146
.147
.148
.149
.150
.151
.152
.153
.154
.155
.156
.157
.158
.159
.160
.161
.162
.163
.164
.165
.166
.167
.168
.169
.170
.171
.172
.173
.174
.175
.176
.177
.178
.179
.180
.181
.182
.183
.184
.185
.186
.187
.188
.189
.190
.191
.192
.193
.194
.195
.196
.197
.198
.199
.
Test Run Complete!
The dataset you tested has 40 classes
The training set is of size 40, and the test set is of size 200.
The time series are of length 101
88 of 200 classifications were correct
The error rate was 0.56



Custom Dataset Error Rates:
	Euclid: 0.79
	DTW: 0.56


Calculating Accuracies...
Loading UCR Dataset...
Dataset Load Complete!
Load funcs to accuracy check...
		Impl: 1 of 11
Running 300 Dataset Tests
0
.1
.2
.3
.4
.5
.6
.7
.8
.9
.10
.11
.12
.13
.14
.15
.16
.17
.18
.19
.20
.21
.22
.23
.24
.25
.26
.27
.28
.29
.30
.31
.32
.33
.34
.35
.36
.37
.38
.39
.40
.41
.42
.43
.44
.45
.46
.47
.48
.49
.50
.51
.52
.53
.54
.55
.56
.57
.58
.59
.60
.61
.62
.63
.64
.65
.66
.67
.68
.69
.70
.71
.72
.73
.74
.75
.76
.77
.78
.79
.80
.81
.82
.83
.84
.85
.86
.87
.88
.89
.90
.91
.92
.93
.94
.95
.96
.97
.98
.99
.100
.101
.102
.103
.104
.105
.106
.107
.108
.109
.110
.111
.112
.113
.114
.115
.116
.117
.118
.119
.120
.121
.122
.123
.124
.125
.126
.127
.128
.129
.130
.131
.132
.133
.134
.135
.136
.137
.138
.139
.140
.141
.142
.143
.144
.145
.146
.147
.148
.149
.150
.151
.152
.153
.154
.155
.156
.157
.158
.159
.160
.161
.162
.163
.164
.165
.166
.167
.168
.169
.170
.171
.172
.173
.174
.175
.176
.177
.178
.179
.180
.181
.182
.183
.184
.185
.186
.187
.188
.189
.190
.191
.192
.193
.194
.195
.196
.197
.198
.199
.200
.201
.202
.203
.204
.205
.206
.207
.208
.209
.210
.211
.212
.213
.214
.215
.216
.217
.218
.219
.220
.221
.222
.223
.224
.225
.226
.227
.228
.229
.230
.231
.232
.233
.234
.235
.236
.237
.238
.239
.240
.241
.242
.243
.244
.245
.246
.247
.248
.249
.250
.251
.252
.253
.254
.255
.256
.257
.258
.259
.260
.261
.262
.263
.264
.265
.266
.267
.268
.269
.270
.271
.272
.273
.274
.275
.276
.277
.278
.279
.280
.281
.282
.283
.284
.285
.286
.287
.288
.289
.290
.291
.292
.293
.294
.295
.296
.297
.298
.299
.
Test Run Complete!
The dataset you tested has 300 classes
The training set is of size 300, and the test set is of size 300.
The time series are of length 60
291 of 300 classifications were correct
The error rate was 0.03
		Impl: 2 of 11
Running 300 Dataset Tests
0
.1
.2
.3
.4
.5
.6
.7
.8
.9
.10
.11
.12
.13
.14
.15
.16
.17
.18
.19
.20
.21
.22
.23
.24
.25
.26
.27
.28
.29
.30
.31
.32
.33
.34
.35
.36
.37
.38
.39
.40
.41
.42
.43
.44
.45
.46
.47
.48
.49
.50
.51
.52
.53
.54
.55
.56
.57
.58
.59
.60
.61
.62
.63
.64
.65
.66
.67
.68
.69
.70
.71
.72
.73
.74
.75
.76
.77
.78
.79
.80
.81
.82
.83
.84
.85
.86
.87
.88
.89
.90
.91
.92
.93
.94
.95
.96
.97
.98
.99
.100
.101
.102
.103
.104
.105
.106
.107
.108
.109
.110
.111
.112
.113
.114
.115
.116
.117
.118
.119
.120
.121
.122
.123
.124
.125
.126
.127
.128
.129
.130
.131
.132
.133
.134
.135
.136
.137
.138
.139
.140
.141
.142
.143
.144
.145
.146
.147
.148
.149
.150
.151
.152
.153
.154
.155
.156
.157
.158
.159
.160
.161
.162
.163
.164
.165
.166
.167
.168
.169
.170
.171
.172
.173
.174
.175
.176
.177
.178
.179
.180
.181
.182
.183
.184
.185
.186
.187
.188
.189
.190
.191
.192
.193
.194
.195
.196
.197
.198
.199
.200
.201
.202
.203
.204
.205
.206
.207
.208
.209
.210
.211
.212
.213
.214
.215
.216
.217
.218
.219
.220
.221
.222
.223
.224
.225
.226
.227
.228
.229
.230
.231
.232
.233
.234
.235
.236
.237
.238
.239
.240
.241
.242
.243
.244
.245
.246
.247
.248
.249
.250
.251
.252
.253
.254
.255
.256
.257
.258
.259
.260
.261
.262
.263
.264
.265
.266
.267
.268
.269
.270
.271
.272
.273
.274
.275
.276
.277
.278
.279
.280
.281
.282
.283
.284
.285
.286
.287
.288
.289
.290
.291
.292
.293
.294
.295
.296
.297
.298
.299
.
Test Run Complete!
The dataset you tested has 300 classes
The training set is of size 300, and the test set is of size 300.
The time series are of length 60
291 of 300 classifications were correct
The error rate was 0.03
		Impl: 3 of 11
Running 300 Dataset Tests
0
.1
.2
.3
.4
.5
.6
.7
.8
.9
.10
.11
.12
.13
.14
.15
.16
.17
.18
.19
.20
.21
.22
.23
.24
.25
.26
.27
.28
.29
.30
.31
.32
.33
.34
.35
.36
.37
.38
.39
.40
.41
.42
.43
.44
.45
.46
.47
.48
.49
.50
.51
.52
.53
.54
.55
.56
.57
.58
.59
.60
.61
.62
.63
.64
.65
.66
.67
.68
.69
.70
.71
.72
.73
.74
.75
.76
.77
.78
.79
.80
.81
.82
.83
.84
.85
.86
.87
.88
.89
.90
.91
.92
.93
.94
.95
.96
.97
.98
.99
.100
.101
.102
.103
.104
.105
.106
.107
.108
.109
.110
.111
.112
.113
.114
.115
.116
.117
.118
.119
.120
.121
.122
.123
.124
.125
.126
.127
.128
.129
.130
.131
.132
.133
.134
.135
.136
.137
.138
.139
.140
.141
.142
.143
.144
.145
.146
.147
.148
.149
.150
.151
.152
.153
.154
.155
.156
.157
.158
.159
.160
.161
.162
.163
.164
.165
.166
.167
.168
.169
.170
.171
.172
.173
.174
.175
.176
.177
.178
.179
.180
.181
.182
.183
.184
.185
.186
.187
.188
.189
.190
.191
.192
.193
.194
.195
.196
.197
.198
.199
.200
.201
.202
.203
.204
.205
.206
.207
.208
.209
.210
.211
.212
.213
.214
.215
.216
.217
.218
.219
.220
.221
.222
.223
.224
.225
.226
.227
.228
.229
.230
.231
.232
.233
.234
.235
.236
.237
.238
.239
.240
.241
.242
.243
.244
.245
.246
.247
.248
.249
.250
.251
.252
.253
.254
.255
.256
.257
.258
.259
.260
.261
.262
.263
.264
.265
.266
.267
.268
.269
.270
.271
.272
.273
.274
.275
.276
.277
.278
.279
.280
.281
.282
.283
.284
.285
.286
.287
.288
.289
.290
.291
.292
.293
.294
.295
.296
.297
.298
.299
.
Test Run Complete!
The dataset you tested has 300 classes
The training set is of size 300, and the test set is of size 300.
The time series are of length 60
291 of 300 classifications were correct
The error rate was 0.03
		Impl: 4 of 11
Running 300 Dataset Tests
0
.1
.2
.3
.4
.5
.6
.7
.8
.9
.10
.11
.12
.13
.14
.15
.16
.17
.18
.19
.20
.21
.22
.23
.24
.25
.26
.27
.28
.29
.30
.31
.32
.33
.34
.35
.36
.37
.38
.39
.40
.41
.42
.43
.44
.45
.46
.47
.48
.49
.50
.51
.52
.53
.54
.55
.56
.57
.58
.59
.60
.61
.62
.63
.64
.65
.66
.67
.68
.69
.70
.71
.72
.73
.74
.75
.76
.77
.78
.79
.80
.81
.82
.83
.84
.85
.86
.87
.88
.89
.90
.91
.92
.93
.94
.95
.96
.97
.98
.99
.100
.101
.102
.103
.104
.105
.106
.107
.108
.109
.110
.111
.112
.113
.114
.115
.116
.117
.118
.119
.120
.121
.122
.123
.124
.125
.126
.127
.128
.129
.130
.131
.132
.133
.134
.135
.136
.137
.138
.139
.140
.141
.142
.143
.144
.145
.146
.147
.148
.149
.150
.151
.152
.153
.154
.155
.156
.157
.158
.159
.160
.161
.162
.163
.164
.165
.166
.167
.168
.169
.170
.171
.172
.173
.174
.175
.176
.177
.178
.179
.180
.181
.182
.183
.184
.185
.186
.187
.188
.189
.190
.191
.192
.193
.194
.195
.196
.197
.198
.199
.200
.201
.202
.203
.204
.205
.206
.207
.208
.209
.210
.211
.212
.213
.214
.215
.216
.217
.218
.219
.220
.221
.222
.223
.224
.225
.226
.227
.228
.229
.230
.231
.232
.233
.234
.235
.236
.237
.238
.239
.240
.241
.242
.243
.244
.245
.246
.247
.248
.249
.250
.251
.252
.253
.254
.255
.256
.257
.258
.259
.260
.261
.262
.263
.264
.265
.266
.267
.268
.269
.270
.271
.272
.273
.274
.275
.276
.277
.278
.279
.280
.281
.282
.283
.284
.285
.286
.287
.288
.289
.290
.291
.292
.293
.294
.295
.296
.297
.298
.299
.
Test Run Complete!
The dataset you tested has 300 classes
The training set is of size 300, and the test set is of size 300.
The time series are of length 60
291 of 300 classifications were correct
The error rate was 0.03
		Impl: 5 of 11
Running 300 Dataset Tests
0
.1
.2
.3
.4
.5
.6
.7
.8
.9
.10
.11
.12
.13
.14
.15
.16
.17
.18
.19
.20
.21
.22
.23
.24
.25
.26
.27
.28
.29
.30
.31
.32
.33
.34
.35
.36
.37
.38
.39
.40
.41
.42
.43
.44
.45
.46
.47
.48
.49
.50
.51
.52
.53
.54
.55
.56
.57
.58
.59
.60
.61
.62
.63
.64
.65
.66
.67
.68
.69
.70
.71
.72
.73
.74
.75
.76
.77
.78
.79
.80
.81
.82
.83
.84
.85
.86
.87
.88
.89
.90
.91
.92
.93
.94
.95
.96
.97
.98
.99
.100
.101
.102
.103
.104
.105
.106
.107
.108
.109
.110
.111
.112
.113
.114
.115
.116
.117
.118
.119
.120
.121
.122
.123
.124
.125
.126
.127
.128
.129
.130
.131
.132
.133
.134
.135
.136
.137
.138
.139
.140
.141
.142
.143
.144
.145
.146
.147
.148
.149
.150
.151
.152
.153
.154
.155
.156
.157
.158
.159
.160
.161
.162
.163
.164
.165
.166
.167
.168
.169
.170
.171
.172
.173
.174
.175
.176
.177
.178
.179
.180
.181
.182
.183
.184
.185
.186
.187
.188
.189
.190
.191
.192
.193
.194
.195
.196
.197
.198
.199
.200
.201
.202
.203
.204
.205
.206
.207
.208
.209
.210
.211
.212
.213
.214
.215
.216
.217
.218
.219
.220
.221
.222
.223
.224
.225
.226
.227
.228
.229
.230
.231
.232
.233
.234
.235
.236
.237
.238
.239
.240
.241
.242
.243
.244
.245
.246
.247
.248
.249
.250
.251
.252
.253
.254
.255
.256
.257
.258
.259
.260
.261
.262
.263
.264
.265
.266
.267
.268
.269
.270
.271
.272
.273
.274
.275
.276
.277
.278
.279
.280
.281
.282
.283
.284
.285
.286
.287
.288
.289
.290
.291
.292
.293
.294
.295
.296
.297
.298
.299
.
Test Run Complete!
The dataset you tested has 300 classes
The training set is of size 300, and the test set is of size 300.
The time series are of length 60
291 of 300 classifications were correct
The error rate was 0.03
		Impl: 6 of 11
Running 300 Dataset Tests
0
.1
.2
.3
.4
.5
.6
.7
.8
.9
.10
.11
.12
.13
.14
.15
.16
.17
.18
.19
.20
.21
.22
.23
.24
.25
.26
.27
.28
.29
.30
.31
.32
.33
.34
.35
.36
.37
.38
.39
.40
.41
.42
.43
.44
.45
.46
.47
.48
.49
.50
.51
.52
.53
.54
.55
.56
.57
.58
.59
.60
.61
.62
.63
.64
.65
.66
.67
.68
.69
.70
.71
.72
.73
.74
.75
.76
.77
.78
.79
.80
.81
.82
.83
.84
.85
.86
.87
.88
.89
.90
.91
.92
.93
.94
.95
.96
.97
.98
.99
.100
.101
.102
.103
.104
.105
.106
.107
.108
.109
.110
.111
.112
.113
.114
.115
.116
.117
.118
.119
.120
.121
.122
.123
.124
.125
.126
.127
.128
.129
.130
.131
.132
.133
.134
.135
.136
.137
.138
.139
.140
.141
.142
.143
.144
.145
.146
.147
.148
.149
.150
.151
.152
.153
.154
.155
.156
.157
.158
.159
.160
.161
.162
.163
.164
.165
.166
.167
.168
.169
.170
.171
.172
.173
.174
.175
.176
.177
.178
.179
.180
.181
.182
.183
.184
.185
.186
.187
.188
.189
.190
.191
.192
.193
.194
.195
.196
.197
.198
.199
.200
.201
.202
.203
.204
.205
.206
.207
.208
.209
.210
.211
.212
.213
.214
.215
.216
.217
.218
.219
.220
.221
.222
.223
.224
.225
.226
.227
.228
.229
.230
.231
.232
.233
.234
.235
.236
.237
.238
.239
.240
.241
.242
.243
.244
.245
.246
.247
.248
.249
.250
.251
.252
.253
.254
.255
.256
.257
.258
.259
.260
.261
.262
.263
.264
.265
.266
.267
.268
.269
.270
.271
.272
.273
.274
.275
.276
.277
.278
.279
.280
.281
.282
.283
.284
.285
.286
.287
.288
.289
.290
.291
.292
.293
.294
.295
.296
.297
.298
.299
.
Test Run Complete!
The dataset you tested has 300 classes
The training set is of size 300, and the test set is of size 300.
The time series are of length 60
291 of 300 classifications were correct
The error rate was 0.03
		Impl: 7 of 11
Running 300 Dataset Tests
0
.1
.2
.3
.4
.5
.6
.7
.8
.9
.10
.11
.12
.13
.14
.15
.16
.17
.18
.19
.20
.21
.22
.23
.24
.25
.26
.27
.28
.29
.30
.31
.32
.33
.34
.35
.36
.37
.38
.39
.40
.41
.42
.43
.44
.45
.46
.47
.48
.49
.50
.51
.52
.53
.54
.55
.56
.57
.58
.59
.60
.61
.62
.63
.64
.65
.66
.67
.68
.69
.70
.71
.72
.73
.74
.75
.76
.77
.78
.79
.80
.81
.82
.83
.84
.85
.86
.87
.88
.89
.90
.91
.92
.93
.94
.95
.96
.97
.98
.99
.100
.101
.102
.103
.104
.105
.106
.107
.108
.109
.110
.111
.112
.113
.114
.115
.116
.117
.118
.119
.120
.121
.122
.123
.124
.125
.126
.127
.128
.129
.130
.131
.132
.133
.134
.135
.136
.137
.138
.139
.140
.141
.142
.143
.144
.145
.146
.147
.148
.149
.150
.151
.152
.153
.154
.155
.156
.157
.158
.159
.160
.161
.162
.163
.164
.165
.166
.167
.168
.169
.170
.171
.172
.173
.174
.175
.176
.177
.178
.179
.180
.181
.182
.183
.184
.185
.186
.187
.188
.189
.190
.191
.192
.193
.194
.195
.196
.197
.198
.199
.200
.201
.202
.203
.204
.205
.206
.207
.208
.209
.210
.211
.212
.213
.214
.215
.216
.217
.218
.219
.220
.221
.222
.223
.224
.225
.226
.227
.228
.229
.230
.231
.232
.233
.234
.235
.236
.237
.238
.239
.240
.241
.242
.243
.244
.245
.246
.247
.248
.249
.250
.251
.252
.253
.254
.255
.256
.257
.258
.259
.260
.261
.262
.263
.264
.265
.266
.267
.268
.269
.270
.271
.272
.273
.274
.275
.276
.277
.278
.279
.280
.281
.282
.283
.284
.285
.286
.287
.288
.289
.290
.291
.292
.293
.294
.295
.296
.297
.298
.299
.
Test Run Complete!
The dataset you tested has 300 classes
The training set is of size 300, and the test set is of size 300.
The time series are of length 60
291 of 300 classifications were correct
The error rate was 0.03
		Impl: 8 of 11
Running 300 Dataset Tests
0
.1
.2
.3
.4
.5
.6
.7
.8
.9
.10
.11
.12
.13
.14
.15
.16
.17
.18
.19
.20
.21
.22
.23
.24
.25
.26
.27
.28
.29
.30
.31
.32
.33
.34
.35
.36
.37
.38
.39
.40
.41
.42
.43
.44
.45
.46
.47
.48
.49
.50
.51
.52
.53
.54
.55
.56
.57
.58
.59
.60
.61
.62
.63
.64
.65
.66
.67
.68
.69
.70
.71
.72
.73
.74
.75
.76
.77
.78
.79
.80
.81
.82
.83
.84
.85
.86
.87
.88
.89
.90
.91
.92
.93
.94
.95
.96
.97
.98
.99
.100
.101
.102
.103
.104
.105
.106
.107
.108
.109
.110
.111
.112
.113
.114
.115
.116
.117
.118
.119
.120
.121
.122
.123
.124
.125
.126
.127
.128
.129
.130
.131
.132
.133
.134
.135
.136
.137
.138
.139
.140
.141
.142
.143
.144
.145
.146
.147
.148
.149
.150
.151
.152
.153
.154
.155
.156
.157
.158
.159
.160
.161
.162
.163
.164
.165
.166
.167
.168
.169
.170
.171
.172
.173
.174
.175
.176
.177
.178
.179
.180
.181
.182
.183
.184
.185
.186
.187
.188
.189
.190
.191
.192
.193
.194
.195
.196
.197
.198
.199
.200
.201
.202
.203
.204
.205
.206
.207
.208
.209
.210
.211
.212
.213
.214
.215
.216
.217
.218
.219
.220
.221
.222
.223
.224
.225
.226
.227
.228
.229
.230
.231
.232
.233
.234
.235
.236
.237
.238
.239
.240
.241
.242
.243
.244
.245
.246
.247
.248
.249
.250
.251
.252
.253
.254
.255
.256
.257
.258
.259
.260
.261
.262
.263
.264
.265
.266
.267
.268
.269
.270
.271
.272
.273
.274
.275
.276
.277
.278
.279
.280
.281
.282
.283
.284
.285
.286
.287
.288
.289
.290
.291
.292
.293
.294
.295
.296
.297
.298
.299
.
Test Run Complete!
The dataset you tested has 300 classes
The training set is of size 300, and the test set is of size 300.
The time series are of length 60
296 of 300 classifications were correct
The error rate was 0.0133333
		Impl: 9 of 11
Running 300 Dataset Tests
0
.1
.2
.3
.4
.5
.6
.7
.8
.9
.10
.11
.12
.13
.14
.15
.16
.17
.18
.19
.20
.21
.22
.23
.24
.25
.26
.27
.28
.29
.30
.31
.32
.33
.34
.35
.36
.37
.38
.39
.40
.41
.42
.43
.44
.45
.46
.47
.48
.49
.50
.51
.52
.53
.54
.55
.56
.57
.58
.59
.60
.61
.62
.63
.64
.65
.66
.67
.68
.69
.70
.71
.72
.73
.74
.75
.76
.77
.78
.79
.80
.81
.82
.83
.84
.85
.86
.87
.88
.89
.90
.91
.92
.93
.94
.95
.96
.97
.98
.99
.100
.101
.102
.103
.104
.105
.106
.107
.108
.109
.110
.111
.112
.113
.114
.115
.116
.117
.118
.119
.120
.121
.122
.123
.124
.125
.126
.127
.128
.129
.130
.131
.132
.133
.134
.135
.136
.137
.138
.139
.140
.141
.142
.143
.144
.145
.146
.147
.148
.149
.150
.151
.152
.153
.154
.155
.156
.157
.158
.159
.160
.161
.162
.163
.164
.165
.166
.167
.168
.169
.170
.171
.172
.173
.174
.175
.176
.177
.178
.179
.180
.181
.182
.183
.184
.185
.186
.187
.188
.189
.190
.191
.192
.193
.194
.195
.196
.197
.198
.199
.200
.201
.202
.203
.204
.205
.206
.207
.208
.209
.210
.211
.212
.213
.214
.215
.216
.217
.218
.219
.220
.221
.222
.223
.224
.225
.226
.227
.228
.229
.230
.231
.232
.233
.234
.235
.236
.237
.238
.239
.240
.241
.242
.243
.244
.245
.246
.247
.248
.249
.250
.251
.252
.253
.254
.255
.256
.257
.258
.259
.260
.261
.262
.263
.264
.265
.266
.267
.268
.269
.270
.271
.272
.273
.274
.275
.276
.277
.278
.279
.280
.281
.282
.283
.284
.285
.286
.287
.288
.289
.290
.291
.292
.293
.294
.295
.296
.297
.298
.299
.
Test Run Complete!
The dataset you tested has 300 classes
The training set is of size 300, and the test set is of size 300.
The time series are of length 60
291 of 300 classifications were correct
The error rate was 0.03
		Impl: 10 of 11
Running 300 Dataset Tests
0
.1
.2
.3
.4
.5
.6
.7
.8
.9
.10
.11
.12
.13
.14
.15
.16
.17
.18
.19
.20
.21
.22
.23
.24
.25
.26
.27
.28
.29
.30
.31
.32
.33
.34
.35
.36
.37
.38
.39
.40
.41
.42
.43
.44
.45
.46
.47
.48
.49
.50
.51
.52
.53
.54
.55
.56
.57
.58
.59
.60
.61
.62
.63
.64
.65
.66
.67
.68
.69
.70
.71
.72
.73
.74
.75
.76
.77
.78
.79
.80
.81
.82
.83
.84
.85
.86
.87
.88
.89
.90
.91
.92
.93
.94
.95
.96
.97
.98
.99
.100
.101
.102
.103
.104
.105
.106
.107
.108
.109
.110
.111
.112
.113
.114
.115
.116
.117
.118
.119
.120
.121
.122
.123
.124
.125
.126
.127
.128
.129
.130
.131
.132
.133
.134
.135
.136
.137
.138
.139
.140
.141
.142
.143
.144
.145
.146
.147
.148
.149
.150
.151
.152
.153
.154
.155
.156
.157
.158
.159
.160
.161
.162
.163
.164
.165
.166
.167
.168
.169
.170
.171
.172
.173
.174
.175
.176
.177
.178
.179
.180
.181
.182
.183
.184
.185
.186
.187
.188
.189
.190
.191
.192
.193
.194
.195
.196
.197
.198
.199
.200
.201
.202
.203
.204
.205
.206
.207
.208
.209
.210
.211
.212
.213
.214
.215
.216
.217
.218
.219
.220
.221
.222
.223
.224
.225
.226
.227
.228
.229
.230
.231
.232
.233
.234
.235
.236
.237
.238
.239
.240
.241
.242
.243
.244
.245
.246
.247
.248
.249
.250
.251
.252
.253
.254
.255
.256
.257
.258
.259
.260
.261
.262
.263
.264
.265
.266
.267
.268
.269
.270
.271
.272
.273
.274
.275
.276
.277
.278
.279
.280
.281
.282
.283
.284
.285
.286
.287
.288
.289
.290
.291
.292
.293
.294
.295
.296
.297
.298
.299
.
Test Run Complete!
The dataset you tested has 300 classes
The training set is of size 300, and the test set is of size 300.
The time series are of length 60
296 of 300 classifications were correct
The error rate was 0.0133333
		Impl: 11 of 11
Running 300 Dataset Tests
0
.1
.2
.3
.4
.5
.6
.7
.8
.9
.10
.11
.12
.13
.14
.15
.16
.17
.18
.19
.20
.21
.22
.23
.24
.25
.26
.27
.28
.29
.30
.31
.32
.33
.34
.35
.36
.37
.38
.39
.40
.41
.42
.43
.44
.45
.46
.47
.48
.49
.50
.51
.52
.53
.54
.55
.56
.57
.58
.59
.60
.61
.62
.63
.64
.65
.66
.67
.68
.69
.70
.71
.72
.73
.74
.75
.76
.77
.78
.79
.80
.81
.82
.83
.84
.85
.86
.87
.88
.89
.90
.91
.92
.93
.94
.95
.96
.97
.98
.99
.100
.101
.102
.103
.104
.105
.106
.107
.108
.109
.110
.111
.112
.113
.114
.115
.116
.117
.118
.119
.120
.121
.122
.123
.124
.125
.126
.127
.128
.129
.130
.131
.132
.133
.134
.135
.136
.137
.138
.139
.140
.141
.142
.143
.144
.145
.146
.147
.148
.149
.150
.151
.152
.153
.154
.155
.156
.157
.158
.159
.160
.161
.162
.163
.164
.165
.166
.167
.168
.169
.170
.171
.172
.173
.174
.175
.176
.177
.178
.179
.180
.181
.182
.183
.184
.185
.186
.187
.188
.189
.190
.191
.192
.193
.194
.195
.196
.197
.198
.199
.200
.201
.202
.203
.204
.205
.206
.207
.208
.209
.210
.211
.212
.213
.214
.215
.216
.217
.218
.219
.220
.221
.222
.223
.224
.225
.226
.227
.228
.229
.230
.231
.232
.233
.234
.235
.236
.237
.238
.239
.240
.241
.242
.243
.244
.245
.246
.247
.248
.249
.250
.251
.252
.253
.254
.255
.256
.257
.258
.259
.260
.261
.262
.263
.264
.265
.266
.267
.268
.269
.270
.271
.272
.273
.274
.275
.276
.277
.278
.279
.280
.281
.282
.283
.284
.285
.286
.287
.288
.289
.290
.291
.292
.293
.294
.295
.296
.297
.298
.299
.
Test Run Complete!
The dataset you tested has 300 classes
The training set is of size 300, and the test set is of size 300.
The time series are of length 60
264 of 300 classifications were correct
The error rate was 0.12



Accuracy Results:

Original, Swapped Loops, Small Bitwidth, Partial Init, Thread Row/Col, Interleave, Limit Warping, Memoization, Early Abandon, Pruned, 1NN Euclid (Not DTW), 
0.03, 0.03, 0.03, 0.03, 0.03, 0.03, 0.03, 0.0133333, 0.03, 0.0133333, 0.12, 



Running Python Plot Gen:


Matplotlib created a temporary cache directory at /tmp/matplotlib-4y2zupwp because the default path (/home/k/kazem/gnpower/.config/matplotlib) is not a writable directory; it is highly recommended to set the MPLCONFIGDIR environment variable to a writable directory, in particular to speed up the import of Matplotlib and to better support multiprocessing.


Creating Execution Time Plot...


['4', ' 1', ' 1', ' 1', ' 1', ' 1', ' 3', ' 1', ' 1', ' 1', ' 1', ' \n']
['8', ' 1', ' 1', ' 1', ' 1', ' 1', ' 3', ' 1', ' 1', ' 1', ' 1', ' \n']
['16', ' 1', ' 1', ' 1', ' 1', ' 1', ' 3', ' 1', ' 1', ' 1', ' 1', ' \n']
['32', ' 1', ' 1', ' 1', ' 1', ' 6', ' 3', ' 1', ' 1', ' 1', ' 1', ' \n']
['64', ' 1', ' 1', ' 3', ' 1', ' 40', ' 17', ' 1', ' 1', ' 1', ' 1', ' \n']
['128', ' 1', ' 1', ' 1', ' 1', ' 251', ' 289', ' 1', ' 1', ' 1', ' 1', ' \n']
['256', ' 1', ' 3', ' 1', ' 1', ' 13741', ' 14142', ' 1', ' 1', ' 3', ' 1', ' \n']
['512', ' 6', ' 6', ' 6', ' 3', ' 30876', ' 30514', ' 6', ' 6', ' 6', ' 3', ' \n']
['1024', ' 1699', ' 251', ' 1585', ' 631', ' 67595', ' 67735', ' 251', ' 251', ' 1585', ' 251', ' \n']
['2048', ' 38616', ' 31037', ' 31777', ' 36693', ' 164924', ' 165870', ' 31037', ' 22587', ' 41289', ' 30673', ' \n']
['4096', ' 150837', ' 126840', ' 138824', ' 143770', ' 441773', ' 448946', ' 129846', ' 92890', ' 160847', ' 124900', ' \n']
['8192', ' 595980', ' 506979', ' 522961', ' 559911', ' 1.3618e+06', ' 1.37087e+06', ' 499980', ' 374886', ' 638842', ' 507905', ' \n']
['16384', ' 2.37087e+06', ' 2.11197e+06', ' 2.14626e+06', ' 2.2149e+06', ' 4.74628e+06', ' 4.57259e+06', ' 2.01076e+06', ' 1.45286e+06', ' 2.56488e+06', ' 2.04629e+06', ' \n']
['']
1000000
10
[' Original', ' Swapped Loops', ' Small Bitwidth', ' Partial Init', ' Thread Row/Col', ' Thread Row/Col Interleave', ' Limit Warping', ' Memoization', ' Early Abandon', ' Pruned']
['2', '4', '8', '16', '32', '64', '128', '256', '512', '1024', '2048', '4096', '8192', '16384']
[[1.0, 1.0, 1.0, 1.0, 1.0, 1.0, 1.0, 1.0, 6.0, 1699.0, 38616.0, 150837.0, 595980.0, 2370870.0], [1.0, 1.0, 1.0, 1.0, 1.0, 1.0, 1.0, 3.0, 6.0, 251.0, 31037.0, 126840.0, 506979.0, 2111970.0], [1.0, 1.0, 1.0, 1.0, 1.0, 3.0, 1.0, 1.0, 6.0, 1585.0, 31777.0, 138824.0, 522961.0, 2146260.0], [1.0, 1.0, 1.0, 1.0, 1.0, 1.0, 1.0, 1.0, 3.0, 631.0, 36693.0, 143770.0, 559911.0, 2214900.0], [1.0, 1.0, 1.0, 1.0, 6.0, 40.0, 251.0, 13741.0, 30876.0, 67595.0, 164924.0, 441773.0, 1361800.0, 4746280.0], [1.0, 3.0, 3.0, 3.0, 3.0, 17.0, 289.0, 14142.0, 30514.0, 67735.0, 165870.0, 448946.0, 1370870.0, 4572590.0], [1.0, 1.0, 1.0, 1.0, 1.0, 1.0, 1.0, 1.0, 6.0, 251.0, 31037.0, 129846.0, 499980.0, 2010760.0], [1.0, 1.0, 1.0, 1.0, 1.0, 1.0, 1.0, 1.0, 6.0, 251.0, 22587.0, 92890.0, 374886.0, 1452860.0], [1.0, 1.0, 1.0, 1.0, 1.0, 1.0, 1.0, 3.0, 6.0, 1585.0, 41289.0, 160847.0, 638842.0, 2564880.0], [1.0, 1.0, 1.0, 1.0, 1.0, 1.0, 1.0, 1.0, 3.0, 251.0, 30673.0, 124900.0, 507905.0, 2046290.0]]


Creating Implementation Accuracy Plot...


['Original', ' Swapped Loops', ' Small Bitwidth', ' Partial Init', ' Thread Row/Col', ' Interleave', ' Limit Warping', ' Memoization', ' Early Abandon', ' Pruned', ' 1NN Euclid (Not DTW)']
[0.03, 0.03, 0.03, 0.03, 0.03, 0.03, 0.03, 0.0133333, 0.03, 0.0133333, 0.12]
Running Python DSL Examples:



Interpreter v0.1
Parsing Token(
	type: TokenType.CONSTANT,
	value: "CONSTANT"
)
Parsing Token(
	type: TokenType.CONTEXT,
	value: "CONTEXT"
)
Parsing Token(
	type: TokenType.HARDWARE,
	value: "HARDWARE"
)
Parsing Token(
	type: TokenType.HARDWARE,
	value: "HARDWARE"
)
Program(
	body: [
		VaribaleDeclaration(
			identifier: beta,
			constant: True,
			value: BinaryExpression(
				left: NumericLiteral( value: 0.0056 ),
				right: BinaryExpression(
					left: Identifier( symbol: "alpha" ),
					right: Identifier( symbol: "t" ),
					operator: *
				),
				operator: -
			)
		),
		AssignmentExpression(
			assignee: ContextIdentifier( symbol: "CONTEXT.NAME" ),
			value: StringArrayLiteral( value: ['Some', 'Testing', 'Plan', 'Name', 'Here'] )
		),
		ObjectLiteral(
			properties: [
				Property(
					key: name,
					value: Token(
						type: TokenType.IDENTIFIER,
						value: "trig_pulse"
					)
				),
				Property(
					key: on_port,
					value: Token(
						type: TokenType.IDENTIFIER,
						value: "DIGITAL"
					)
				),
				Property(
					key: port_num,
					value: Token(
						type: TokenType.NUMBER,
						value: "3"
					)
				),
			]
		),
		ObjectLiteral(
			properties: [
				Property(
					key: name,
					value: Token(
						type: TokenType.IDENTIFIER,
						value: "pulse"
					)
				),
				Property(
					key: on_port,
					value: Token(
						type: TokenType.IDENTIFIER,
						value: "ANALOG"
					)
				),
				Property(
					key: port_num,
					value: Token(
						type: TokenType.NUMBER,
						value: "5"
					)
				),
				Property(
					key: using,
					value: Token(
						type: TokenType.IDENTIFIER,
						value: "convert_pulse"
					)
				),
			]
		),
	]
)

Interpreter v0.1
Parsing Token(
	type: TokenType.CONSTANT,
	value: "CONSTANT"
)
Parsing Token(
	type: TokenType.CONTEXT,
	value: "CONTEXT"
)
Program(
	body: [
		VaribaleDeclaration(
			identifier: beta,
			constant: True,
			value: BinaryExpression(
				left: NumericLiteral( value: 0.0056 ),
				right: BinaryExpression(
					left: Identifier( symbol: "alpha" ),
					right: Identifier( symbol: "t" ),
					operator: *
				),
				operator: -
			)
		),
		AssignmentExpression(
			assignee: ContextIdentifier( symbol: "CONTEXT.NAME" ),
			value: StringArrayLiteral( value: ['Some', 'Testing', 'Plan', 'Name', 'Here'] )
		),
	]
)
ArrayValue( value: "['Some', 'Testing', 'Plan', 'Name', 'Here']" )

scontrol show job 11709018
JobId=11709018 JobName=project
   UserId=gnpower(3131864) GroupId=kazem(6075335) MCS_label=N/A
   Priority=1934842 Nice=0 Account=def-kazem QOS=normal
   JobState=COMPLETING Reason=None Dependency=(null)
   Requeue=0 Restarts=0 BatchFlag=1 Reboot=0 ExitCode=0:0
   RunTime=00:06:18 TimeLimit=02:00:00 TimeMin=N/A
   SubmitTime=2023-12-31T21:38:51 EligibleTime=2023-12-31T21:38:51
   AccrueTime=2023-12-31T21:38:51
   StartTime=2023-12-31T21:38:53 EndTime=2023-12-31T21:45:11 Deadline=N/A
   SuspendTime=None SecsPreSuspend=0 LastSchedEval=2023-12-31T21:38:53 Scheduler=Main
   Partition=compute AllocNode:Sid=nia-login07:254071
   ReqNodeList=(null) ExcNodeList=(null)
   NodeList=nia1977
   BatchHost=nia1977
   NumNodes=1 NumCPUs=80 NumTasks=1 CPUs/Task=1 ReqB:S:C:T=0:0:*:*
   ReqTRES=cpu=1,mem=175000M,node=1
   AllocTRES=cpu=80,mem=175000M,node=1,billing=40
   Socks/Node=* NtasksPerN:B:S:C=1:0:*:* CoreSpec=*
   MinCPUsNode=1 MinMemoryNode=175000M MinTmpDiskNode=0
   Features=[skylake|cascade] DelayBoot=00:00:00
   OverSubscribe=NO Contiguous=0 Licenses=(null) Network=(null)
   Command=/gpfs/fs0/scratch/k/kazem/gnpower/Code/niagara.sh
   WorkDir=/gpfs/fs0/scratch/k/kazem/gnpower/Code
   Comment=/opt/slurm/bin/sbatch --export=NONE niagara.sh 
   StdErr=/gpfs/fs0/scratch/k/kazem/gnpower/Code/project_11709018.log
   StdIn=/dev/null
   StdOut=/gpfs/fs0/scratch/k/kazem/gnpower/Code/project_11709018.log
   Power=
   MailUser=gnpower@scinet.local MailType=FAIL
   

sacct -j 11709018
JobID           JobName    Account    Elapsed  MaxVMSize     MaxRSS  SystemCPU    UserCPU ExitCode 
------------ ---------- ---------- ---------- ---------- ---------- ---------- ---------- -------- 
11709018        project  def-kazem   00:06:18                         00:00:00   00:00:00      0:0 
11709018.ba+      batch  def-kazem   00:06:18                         00:00:00   00:00:00      0:0 
11709018.ex+     extern  def-kazem   00:06:18                         00:00:00   00:00:00      0:0 
